mode: set
github.com/aprice2704/neuroscript/pkg/parser/generated/neuroscript_base_listener.go:12.75,12.76 0 0
github.com/aprice2704/neuroscript/pkg/parser/generated/neuroscript_base_listener.go:15.73,15.74 0 0
github.com/aprice2704/neuroscript/pkg/parser/generated/neuroscript_base_listener.go:18.80,18.81 0 0
github.com/aprice2704/neuroscript/pkg/parser/generated/neuroscript_base_listener.go:21.79,21.80 0 0
github.com/aprice2704/neuroscript/pkg/parser/generated/neuroscript_base_listener.go:24.70,24.71 0 0
github.com/aprice2704/neuroscript/pkg/parser/generated/neuroscript_base_listener.go:27.69,27.70 0 0
github.com/aprice2704/neuroscript/pkg/parser/generated/neuroscript_base_listener.go:30.78,30.79 0 0
github.com/aprice2704/neuroscript/pkg/parser/generated/neuroscript_base_listener.go:33.77,33.78 0 0
github.com/aprice2704/neuroscript/pkg/parser/generated/neuroscript_base_listener.go:36.84,36.85 0 0
github.com/aprice2704/neuroscript/pkg/parser/generated/neuroscript_base_listener.go:39.83,39.84 0 0
github.com/aprice2704/neuroscript/pkg/parser/generated/neuroscript_base_listener.go:42.84,42.85 0 0
github.com/aprice2704/neuroscript/pkg/parser/generated/neuroscript_base_listener.go:45.83,45.84 0 0
github.com/aprice2704/neuroscript/pkg/parser/generated/neuroscript_base_listener.go:48.82,48.83 0 0
github.com/aprice2704/neuroscript/pkg/parser/generated/neuroscript_base_listener.go:51.81,51.82 0 0
github.com/aprice2704/neuroscript/pkg/parser/generated/neuroscript_base_listener.go:54.82,54.83 0 0
github.com/aprice2704/neuroscript/pkg/parser/generated/neuroscript_base_listener.go:57.81,57.82 0 0
github.com/aprice2704/neuroscript/pkg/parser/generated/neuroscript_base_listener.go:60.100,60.101 0 0
github.com/aprice2704/neuroscript/pkg/parser/generated/neuroscript_base_listener.go:63.99,63.100 0 0
github.com/aprice2704/neuroscript/pkg/parser/generated/neuroscript_base_listener.go:66.90,66.91 0 0
github.com/aprice2704/neuroscript/pkg/parser/generated/neuroscript_base_listener.go:69.89,69.90 0 0
github.com/aprice2704/neuroscript/pkg/parser/generated/neuroscript_base_listener.go:72.90,72.91 0 0
github.com/aprice2704/neuroscript/pkg/parser/generated/neuroscript_base_listener.go:75.89,75.90 0 0
github.com/aprice2704/neuroscript/pkg/parser/generated/neuroscript_base_listener.go:78.92,78.93 0 0
github.com/aprice2704/neuroscript/pkg/parser/generated/neuroscript_base_listener.go:81.91,81.92 0 0
github.com/aprice2704/neuroscript/pkg/parser/generated/neuroscript_base_listener.go:84.104,85.2 0 0
github.com/aprice2704/neuroscript/pkg/parser/generated/neuroscript_base_listener.go:88.103,89.2 0 0
github.com/aprice2704/neuroscript/pkg/parser/generated/neuroscript_base_listener.go:92.96,92.97 0 0
github.com/aprice2704/neuroscript/pkg/parser/generated/neuroscript_base_listener.go:95.95,95.96 0 0
github.com/aprice2704/neuroscript/pkg/parser/generated/neuroscript_base_listener.go:98.84,98.85 0 0
github.com/aprice2704/neuroscript/pkg/parser/generated/neuroscript_base_listener.go:101.83,101.84 0 0
github.com/aprice2704/neuroscript/pkg/parser/generated/neuroscript_base_listener.go:104.80,104.81 0 0
github.com/aprice2704/neuroscript/pkg/parser/generated/neuroscript_base_listener.go:107.79,107.80 0 0
github.com/aprice2704/neuroscript/pkg/parser/generated/neuroscript_base_listener.go:110.86,110.87 0 0
github.com/aprice2704/neuroscript/pkg/parser/generated/neuroscript_base_listener.go:113.85,113.86 0 0
github.com/aprice2704/neuroscript/pkg/parser/generated/neuroscript_base_listener.go:116.84,116.85 0 0
github.com/aprice2704/neuroscript/pkg/parser/generated/neuroscript_base_listener.go:119.83,119.84 0 0
github.com/aprice2704/neuroscript/pkg/parser/generated/neuroscript_base_listener.go:122.76,122.77 0 0
github.com/aprice2704/neuroscript/pkg/parser/generated/neuroscript_base_listener.go:125.75,125.76 0 0
github.com/aprice2704/neuroscript/pkg/parser/generated/neuroscript_base_listener.go:128.84,128.85 0 0
github.com/aprice2704/neuroscript/pkg/parser/generated/neuroscript_base_listener.go:131.83,131.84 0 0
github.com/aprice2704/neuroscript/pkg/parser/generated/neuroscript_base_listener.go:134.104,135.2 0 0
github.com/aprice2704/neuroscript/pkg/parser/generated/neuroscript_base_listener.go:138.103,139.2 0 0
github.com/aprice2704/neuroscript/pkg/parser/generated/neuroscript_base_listener.go:142.84,142.85 0 0
github.com/aprice2704/neuroscript/pkg/parser/generated/neuroscript_base_listener.go:145.83,145.84 0 0
github.com/aprice2704/neuroscript/pkg/parser/generated/neuroscript_base_listener.go:148.74,148.75 0 0
github.com/aprice2704/neuroscript/pkg/parser/generated/neuroscript_base_listener.go:151.73,151.74 0 0
github.com/aprice2704/neuroscript/pkg/parser/generated/neuroscript_base_listener.go:154.74,154.75 0 0
github.com/aprice2704/neuroscript/pkg/parser/generated/neuroscript_base_listener.go:157.73,157.74 0 0
github.com/aprice2704/neuroscript/pkg/parser/generated/neuroscript_base_listener.go:160.88,160.89 0 0
github.com/aprice2704/neuroscript/pkg/parser/generated/neuroscript_base_listener.go:163.87,163.88 0 0
github.com/aprice2704/neuroscript/pkg/parser/generated/neuroscript_base_listener.go:166.86,166.87 0 0
github.com/aprice2704/neuroscript/pkg/parser/generated/neuroscript_base_listener.go:169.85,169.86 0 0
github.com/aprice2704/neuroscript/pkg/parser/generated/neuroscript_base_listener.go:172.70,172.71 0 0
github.com/aprice2704/neuroscript/pkg/parser/generated/neuroscript_base_listener.go:175.69,175.70 0 0
github.com/aprice2704/neuroscript/pkg/parser/generated/neuroscript_base_listener.go:178.82,178.83 0 0
github.com/aprice2704/neuroscript/pkg/parser/generated/neuroscript_base_listener.go:181.81,181.82 0 0
github.com/aprice2704/neuroscript/pkg/parser/generated/neuroscript_base_listener.go:184.82,184.83 0 0
github.com/aprice2704/neuroscript/pkg/parser/generated/neuroscript_base_listener.go:187.81,187.82 0 0
github.com/aprice2704/neuroscript/pkg/parser/generated/neuroscript_base_listener.go:190.84,190.85 0 0
github.com/aprice2704/neuroscript/pkg/parser/generated/neuroscript_base_listener.go:193.83,193.84 0 0
github.com/aprice2704/neuroscript/pkg/parser/generated/neuroscript_base_listener.go:196.68,196.69 0 0
github.com/aprice2704/neuroscript/pkg/parser/generated/neuroscript_base_listener.go:199.67,199.68 0 0
github.com/aprice2704/neuroscript/pkg/parser/generated/neuroscript_base_listener.go:202.78,202.79 0 0
github.com/aprice2704/neuroscript/pkg/parser/generated/neuroscript_base_listener.go:205.77,205.78 0 0
github.com/aprice2704/neuroscript/pkg/parser/generated/neuroscript_base_listener.go:208.82,208.83 0 0
github.com/aprice2704/neuroscript/pkg/parser/generated/neuroscript_base_listener.go:211.81,211.82 0 0
github.com/aprice2704/neuroscript/pkg/parser/generated/neuroscript_base_listener.go:214.84,214.85 0 0
github.com/aprice2704/neuroscript/pkg/parser/generated/neuroscript_base_listener.go:217.83,217.84 0 0
github.com/aprice2704/neuroscript/pkg/parser/generated/neuroscript_base_listener.go:220.88,220.89 0 0
github.com/aprice2704/neuroscript/pkg/parser/generated/neuroscript_base_listener.go:223.87,223.88 0 0
github.com/aprice2704/neuroscript/pkg/parser/generated/neuroscript_base_listener.go:226.84,226.85 0 0
github.com/aprice2704/neuroscript/pkg/parser/generated/neuroscript_base_listener.go:229.83,229.84 0 0
github.com/aprice2704/neuroscript/pkg/parser/generated/neuroscript_base_listener.go:232.84,232.85 0 0
github.com/aprice2704/neuroscript/pkg/parser/generated/neuroscript_base_listener.go:235.83,235.84 0 0
github.com/aprice2704/neuroscript/pkg/parser/generated/neuroscript_base_listener.go:238.84,238.85 0 0
github.com/aprice2704/neuroscript/pkg/parser/generated/neuroscript_base_listener.go:241.83,241.84 0 0
github.com/aprice2704/neuroscript/pkg/parser/generated/neuroscript_base_listener.go:244.84,244.85 0 0
github.com/aprice2704/neuroscript/pkg/parser/generated/neuroscript_base_listener.go:247.83,247.84 0 0
github.com/aprice2704/neuroscript/pkg/parser/generated/neuroscript_base_listener.go:250.72,250.73 0 0
github.com/aprice2704/neuroscript/pkg/parser/generated/neuroscript_base_listener.go:253.71,253.72 0 0
github.com/aprice2704/neuroscript/pkg/parser/generated/neuroscript_base_listener.go:256.86,256.87 0 0
github.com/aprice2704/neuroscript/pkg/parser/generated/neuroscript_base_listener.go:259.85,259.86 0 0
github.com/aprice2704/neuroscript/pkg/parser/generated/neuroscript_base_listener.go:262.92,262.93 0 0
github.com/aprice2704/neuroscript/pkg/parser/generated/neuroscript_base_listener.go:265.91,265.92 0 0
github.com/aprice2704/neuroscript/pkg/parser/generated/neuroscript_base_listener.go:268.80,268.81 0 0
github.com/aprice2704/neuroscript/pkg/parser/generated/neuroscript_base_listener.go:271.79,271.80 0 0
github.com/aprice2704/neuroscript/pkg/parser/generated/neuroscript_base_listener.go:274.86,274.87 0 0
github.com/aprice2704/neuroscript/pkg/parser/generated/neuroscript_base_listener.go:277.85,277.86 0 0
github.com/aprice2704/neuroscript/pkg/parser/generated/neuroscript_base_listener.go:280.92,280.93 0 0
github.com/aprice2704/neuroscript/pkg/parser/generated/neuroscript_base_listener.go:283.91,283.92 0 0
github.com/aprice2704/neuroscript/pkg/parser/generated/neuroscript_base_listener.go:286.96,286.97 0 0
github.com/aprice2704/neuroscript/pkg/parser/generated/neuroscript_base_listener.go:289.95,289.96 0 0
github.com/aprice2704/neuroscript/pkg/parser/generated/neuroscript_base_listener.go:292.78,292.79 0 0
github.com/aprice2704/neuroscript/pkg/parser/generated/neuroscript_base_listener.go:295.77,295.78 0 0
github.com/aprice2704/neuroscript/pkg/parser/generated/neuroscript_base_listener.go:298.76,298.77 0 0
github.com/aprice2704/neuroscript/pkg/parser/generated/neuroscript_base_listener.go:301.75,301.76 0 0
github.com/aprice2704/neuroscript/pkg/parser/generated/neuroscript_base_listener.go:304.86,304.87 0 0
github.com/aprice2704/neuroscript/pkg/parser/generated/neuroscript_base_listener.go:307.85,307.86 0 0
github.com/aprice2704/neuroscript/pkg/parser/generated/neuroscript_base_listener.go:310.88,310.89 0 0
github.com/aprice2704/neuroscript/pkg/parser/generated/neuroscript_base_listener.go:313.87,313.88 0 0
github.com/aprice2704/neuroscript/pkg/parser/generated/neuroscript_base_listener.go:316.86,316.87 0 0
github.com/aprice2704/neuroscript/pkg/parser/generated/neuroscript_base_listener.go:319.85,319.86 0 0
github.com/aprice2704/neuroscript/pkg/parser/generated/neuroscript_base_listener.go:322.88,322.89 0 0
github.com/aprice2704/neuroscript/pkg/parser/generated/neuroscript_base_listener.go:325.87,325.88 0 0
github.com/aprice2704/neuroscript/pkg/parser/generated/neuroscript_base_listener.go:328.88,328.89 0 0
github.com/aprice2704/neuroscript/pkg/parser/generated/neuroscript_base_listener.go:331.87,331.88 0 0
github.com/aprice2704/neuroscript/pkg/parser/generated/neuroscript_base_listener.go:334.82,334.83 0 0
github.com/aprice2704/neuroscript/pkg/parser/generated/neuroscript_base_listener.go:337.81,337.82 0 0
github.com/aprice2704/neuroscript/pkg/parser/generated/neuroscript_base_listener.go:340.86,340.87 0 0
github.com/aprice2704/neuroscript/pkg/parser/generated/neuroscript_base_listener.go:343.85,343.86 0 0
github.com/aprice2704/neuroscript/pkg/parser/generated/neuroscript_base_listener.go:346.82,346.83 0 0
github.com/aprice2704/neuroscript/pkg/parser/generated/neuroscript_base_listener.go:349.81,349.82 0 0
github.com/aprice2704/neuroscript/pkg/parser/generated/neuroscript_base_listener.go:352.94,352.95 0 0
github.com/aprice2704/neuroscript/pkg/parser/generated/neuroscript_base_listener.go:355.93,355.94 0 0
github.com/aprice2704/neuroscript/pkg/parser/generated/neuroscript_base_listener.go:358.76,358.77 0 0
github.com/aprice2704/neuroscript/pkg/parser/generated/neuroscript_base_listener.go:361.75,361.76 0 0
github.com/aprice2704/neuroscript/pkg/parser/generated/neuroscript_base_listener.go:364.76,364.77 0 0
github.com/aprice2704/neuroscript/pkg/parser/generated/neuroscript_base_listener.go:367.75,367.76 0 0
github.com/aprice2704/neuroscript/pkg/parser/generated/neuroscript_base_listener.go:370.82,370.83 0 0
github.com/aprice2704/neuroscript/pkg/parser/generated/neuroscript_base_listener.go:373.81,373.82 0 0
github.com/aprice2704/neuroscript/pkg/parser/generated/neuroscript_base_listener.go:376.70,376.71 0 0
github.com/aprice2704/neuroscript/pkg/parser/generated/neuroscript_base_listener.go:379.69,379.70 0 0
github.com/aprice2704/neuroscript/pkg/parser/generated/neuroscript_base_listener.go:382.82,382.83 0 0
github.com/aprice2704/neuroscript/pkg/parser/generated/neuroscript_base_listener.go:385.81,385.82 0 0
github.com/aprice2704/neuroscript/pkg/parser/generated/neuroscript_base_listener.go:388.78,388.79 0 0
github.com/aprice2704/neuroscript/pkg/parser/generated/neuroscript_base_listener.go:391.77,391.78 0 0
github.com/aprice2704/neuroscript/pkg/parser/generated/neuroscript_base_listener.go:394.70,394.71 0 0
github.com/aprice2704/neuroscript/pkg/parser/generated/neuroscript_base_listener.go:397.69,397.70 0 0
github.com/aprice2704/neuroscript/pkg/parser/generated/neuroscript_base_listener.go:400.78,400.79 0 0
github.com/aprice2704/neuroscript/pkg/parser/generated/neuroscript_base_listener.go:403.77,403.78 0 0
github.com/aprice2704/neuroscript/pkg/parser/generated/neuroscript_base_listener.go:406.86,406.87 0 0
github.com/aprice2704/neuroscript/pkg/parser/generated/neuroscript_base_listener.go:409.85,409.86 0 0
github.com/aprice2704/neuroscript/pkg/parser/generated/neuroscript_base_listener.go:412.80,412.81 0 0
github.com/aprice2704/neuroscript/pkg/parser/generated/neuroscript_base_listener.go:415.79,415.80 0 0
github.com/aprice2704/neuroscript/pkg/parser/generated/neuroscript_base_listener.go:418.78,418.79 0 0
github.com/aprice2704/neuroscript/pkg/parser/generated/neuroscript_base_listener.go:421.77,421.78 0 0
github.com/aprice2704/neuroscript/pkg/parser/generated/neuroscript_base_listener.go:424.94,424.95 0 0
github.com/aprice2704/neuroscript/pkg/parser/generated/neuroscript_base_listener.go:427.93,427.94 0 0
github.com/aprice2704/neuroscript/pkg/parser/generated/neuroscript_base_listener.go:430.86,430.87 0 0
github.com/aprice2704/neuroscript/pkg/parser/generated/neuroscript_base_listener.go:433.85,433.86 0 0
github.com/aprice2704/neuroscript/pkg/parser/generated/neuroscript_base_listener.go:436.92,436.93 0 0
github.com/aprice2704/neuroscript/pkg/parser/generated/neuroscript_base_listener.go:439.91,439.92 0 0
github.com/aprice2704/neuroscript/pkg/parser/generated/neuroscript_base_listener.go:442.84,442.85 0 0
github.com/aprice2704/neuroscript/pkg/parser/generated/neuroscript_base_listener.go:445.83,445.84 0 0
github.com/aprice2704/neuroscript/pkg/parser/generated/neuroscript_base_listener.go:448.74,448.75 0 0
github.com/aprice2704/neuroscript/pkg/parser/generated/neuroscript_base_listener.go:451.73,451.74 0 0
github.com/aprice2704/neuroscript/pkg/parser/generated/neuroscript_base_visitor.go:10.80,12.2 1 0
github.com/aprice2704/neuroscript/pkg/parser/generated/neuroscript_base_visitor.go:14.88,16.2 1 0
github.com/aprice2704/neuroscript/pkg/parser/generated/neuroscript_base_visitor.go:18.94,20.2 1 0
github.com/aprice2704/neuroscript/pkg/parser/generated/neuroscript_base_visitor.go:22.94,24.2 1 0
github.com/aprice2704/neuroscript/pkg/parser/generated/neuroscript_base_visitor.go:26.92,28.2 1 0
github.com/aprice2704/neuroscript/pkg/parser/generated/neuroscript_base_visitor.go:30.92,32.2 1 0
github.com/aprice2704/neuroscript/pkg/parser/generated/neuroscript_base_visitor.go:34.110,36.2 1 0
github.com/aprice2704/neuroscript/pkg/parser/generated/neuroscript_base_visitor.go:38.100,40.2 1 0
github.com/aprice2704/neuroscript/pkg/parser/generated/neuroscript_base_visitor.go:42.100,44.2 1 0
github.com/aprice2704/neuroscript/pkg/parser/generated/neuroscript_base_visitor.go:46.102,48.2 1 0
github.com/aprice2704/neuroscript/pkg/parser/generated/neuroscript_base_visitor.go:50.114,52.2 1 0
github.com/aprice2704/neuroscript/pkg/parser/generated/neuroscript_base_visitor.go:54.106,56.2 1 0
github.com/aprice2704/neuroscript/pkg/parser/generated/neuroscript_base_visitor.go:58.94,60.2 1 0
github.com/aprice2704/neuroscript/pkg/parser/generated/neuroscript_base_visitor.go:62.90,64.2 1 0
github.com/aprice2704/neuroscript/pkg/parser/generated/neuroscript_base_visitor.go:66.96,68.2 1 0
github.com/aprice2704/neuroscript/pkg/parser/generated/neuroscript_base_visitor.go:70.94,72.2 1 0
github.com/aprice2704/neuroscript/pkg/parser/generated/neuroscript_base_visitor.go:74.86,76.2 1 0
github.com/aprice2704/neuroscript/pkg/parser/generated/neuroscript_base_visitor.go:78.94,80.2 1 0
github.com/aprice2704/neuroscript/pkg/parser/generated/neuroscript_base_visitor.go:82.114,84.2 1 0
github.com/aprice2704/neuroscript/pkg/parser/generated/neuroscript_base_visitor.go:86.94,88.2 1 0
github.com/aprice2704/neuroscript/pkg/parser/generated/neuroscript_base_visitor.go:90.84,92.2 1 0
github.com/aprice2704/neuroscript/pkg/parser/generated/neuroscript_base_visitor.go:94.84,96.2 1 0
github.com/aprice2704/neuroscript/pkg/parser/generated/neuroscript_base_visitor.go:98.98,100.2 1 0
github.com/aprice2704/neuroscript/pkg/parser/generated/neuroscript_base_visitor.go:102.96,104.2 1 0
github.com/aprice2704/neuroscript/pkg/parser/generated/neuroscript_base_visitor.go:106.80,108.2 1 0
github.com/aprice2704/neuroscript/pkg/parser/generated/neuroscript_base_visitor.go:110.92,112.2 1 0
github.com/aprice2704/neuroscript/pkg/parser/generated/neuroscript_base_visitor.go:114.92,116.2 1 0
github.com/aprice2704/neuroscript/pkg/parser/generated/neuroscript_base_visitor.go:118.94,120.2 1 0
github.com/aprice2704/neuroscript/pkg/parser/generated/neuroscript_base_visitor.go:122.78,124.2 1 0
github.com/aprice2704/neuroscript/pkg/parser/generated/neuroscript_base_visitor.go:126.88,128.2 1 0
github.com/aprice2704/neuroscript/pkg/parser/generated/neuroscript_base_visitor.go:130.92,132.2 1 0
github.com/aprice2704/neuroscript/pkg/parser/generated/neuroscript_base_visitor.go:134.94,136.2 1 0
github.com/aprice2704/neuroscript/pkg/parser/generated/neuroscript_base_visitor.go:138.98,140.2 1 0
github.com/aprice2704/neuroscript/pkg/parser/generated/neuroscript_base_visitor.go:142.94,144.2 1 0
github.com/aprice2704/neuroscript/pkg/parser/generated/neuroscript_base_visitor.go:146.94,148.2 1 0
github.com/aprice2704/neuroscript/pkg/parser/generated/neuroscript_base_visitor.go:150.94,152.2 1 0
github.com/aprice2704/neuroscript/pkg/parser/generated/neuroscript_base_visitor.go:154.94,156.2 1 0
github.com/aprice2704/neuroscript/pkg/parser/generated/neuroscript_base_visitor.go:158.82,160.2 1 0
github.com/aprice2704/neuroscript/pkg/parser/generated/neuroscript_base_visitor.go:162.96,164.2 1 0
github.com/aprice2704/neuroscript/pkg/parser/generated/neuroscript_base_visitor.go:166.102,168.2 1 0
github.com/aprice2704/neuroscript/pkg/parser/generated/neuroscript_base_visitor.go:170.90,172.2 1 0
github.com/aprice2704/neuroscript/pkg/parser/generated/neuroscript_base_visitor.go:174.96,176.2 1 0
github.com/aprice2704/neuroscript/pkg/parser/generated/neuroscript_base_visitor.go:178.102,180.2 1 0
github.com/aprice2704/neuroscript/pkg/parser/generated/neuroscript_base_visitor.go:182.106,184.2 1 0
github.com/aprice2704/neuroscript/pkg/parser/generated/neuroscript_base_visitor.go:186.88,188.2 1 0
github.com/aprice2704/neuroscript/pkg/parser/generated/neuroscript_base_visitor.go:190.86,192.2 1 0
github.com/aprice2704/neuroscript/pkg/parser/generated/neuroscript_base_visitor.go:194.96,196.2 1 0
github.com/aprice2704/neuroscript/pkg/parser/generated/neuroscript_base_visitor.go:198.98,200.2 1 0
github.com/aprice2704/neuroscript/pkg/parser/generated/neuroscript_base_visitor.go:202.96,204.2 1 0
github.com/aprice2704/neuroscript/pkg/parser/generated/neuroscript_base_visitor.go:206.98,208.2 1 0
github.com/aprice2704/neuroscript/pkg/parser/generated/neuroscript_base_visitor.go:210.98,212.2 1 0
github.com/aprice2704/neuroscript/pkg/parser/generated/neuroscript_base_visitor.go:214.92,216.2 1 0
github.com/aprice2704/neuroscript/pkg/parser/generated/neuroscript_base_visitor.go:218.96,220.2 1 0
github.com/aprice2704/neuroscript/pkg/parser/generated/neuroscript_base_visitor.go:222.92,224.2 1 0
github.com/aprice2704/neuroscript/pkg/parser/generated/neuroscript_base_visitor.go:226.104,228.2 1 0
github.com/aprice2704/neuroscript/pkg/parser/generated/neuroscript_base_visitor.go:230.86,232.2 1 0
github.com/aprice2704/neuroscript/pkg/parser/generated/neuroscript_base_visitor.go:234.86,236.2 1 0
github.com/aprice2704/neuroscript/pkg/parser/generated/neuroscript_base_visitor.go:238.92,240.2 1 0
github.com/aprice2704/neuroscript/pkg/parser/generated/neuroscript_base_visitor.go:242.80,244.2 1 0
github.com/aprice2704/neuroscript/pkg/parser/generated/neuroscript_base_visitor.go:246.92,248.2 1 0
github.com/aprice2704/neuroscript/pkg/parser/generated/neuroscript_base_visitor.go:250.88,252.2 1 0
github.com/aprice2704/neuroscript/pkg/parser/generated/neuroscript_base_visitor.go:254.80,256.2 1 0
github.com/aprice2704/neuroscript/pkg/parser/generated/neuroscript_base_visitor.go:258.88,260.2 1 0
github.com/aprice2704/neuroscript/pkg/parser/generated/neuroscript_base_visitor.go:262.96,264.2 1 0
github.com/aprice2704/neuroscript/pkg/parser/generated/neuroscript_base_visitor.go:266.90,268.2 1 0
github.com/aprice2704/neuroscript/pkg/parser/generated/neuroscript_base_visitor.go:270.88,272.2 1 0
github.com/aprice2704/neuroscript/pkg/parser/generated/neuroscript_base_visitor.go:274.104,276.2 1 0
github.com/aprice2704/neuroscript/pkg/parser/generated/neuroscript_base_visitor.go:278.96,280.2 1 0
github.com/aprice2704/neuroscript/pkg/parser/generated/neuroscript_base_visitor.go:282.102,284.2 1 0
github.com/aprice2704/neuroscript/pkg/parser/generated/neuroscript_base_visitor.go:286.94,288.2 1 0
github.com/aprice2704/neuroscript/pkg/parser/generated/neuroscript_base_visitor.go:290.84,292.2 1 0
github.com/aprice2704/neuroscript/pkg/parser/generated/neuroscript_lexer.go:37.34,445.48 14 0
github.com/aprice2704/neuroscript/pkg/parser/generated/neuroscript_lexer.go:445.48,447.3 1 0
github.com/aprice2704/neuroscript/pkg/parser/generated/neuroscript_lexer.go:454.29,457.2 2 0
github.com/aprice2704/neuroscript/pkg/parser/generated/neuroscript_lexer.go:460.68,475.2 12 0
github.com/aprice2704/neuroscript/pkg/parser/generated/neuroscript_parser.go:32.30,378.48 12 0
github.com/aprice2704/neuroscript/pkg/parser/generated/neuroscript_parser.go:378.48,380.3 1 0
github.com/aprice2704/neuroscript/pkg/parser/generated/neuroscript_parser.go:387.30,390.2 2 0
github.com/aprice2704/neuroscript/pkg/parser/generated/neuroscript_parser.go:393.71,405.2 10 0
github.com/aprice2704/neuroscript/pkg/parser/generated/neuroscript_parser.go:606.47,611.2 4 0
github.com/aprice2704/neuroscript/pkg/parser/generated/neuroscript_parser.go:613.49,616.2 2 0
github.com/aprice2704/neuroscript/pkg/parser/generated/neuroscript_parser.go:618.44,618.45 0 0
github.com/aprice2704/neuroscript/pkg/parser/generated/neuroscript_parser.go:620.112,629.2 5 0
github.com/aprice2704/neuroscript/pkg/parser/generated/neuroscript_parser.go:631.51,631.70 1 0
github.com/aprice2704/neuroscript/pkg/parser/generated/neuroscript_parser.go:633.60,635.38 2 0
github.com/aprice2704/neuroscript/pkg/parser/generated/neuroscript_parser.go:635.38,636.45 1 0
github.com/aprice2704/neuroscript/pkg/parser/generated/neuroscript_parser.go:636.45,638.9 2 0
github.com/aprice2704/neuroscript/pkg/parser/generated/neuroscript_parser.go:642.2,642.14 1 0
github.com/aprice2704/neuroscript/pkg/parser/generated/neuroscript_parser.go:642.14,644.3 1 0
github.com/aprice2704/neuroscript/pkg/parser/generated/neuroscript_parser.go:646.2,646.32 1 0
github.com/aprice2704/neuroscript/pkg/parser/generated/neuroscript_parser.go:649.51,651.2 1 0
github.com/aprice2704/neuroscript/pkg/parser/generated/neuroscript_parser.go:653.66,655.38 2 0
github.com/aprice2704/neuroscript/pkg/parser/generated/neuroscript_parser.go:655.38,656.48 1 0
github.com/aprice2704/neuroscript/pkg/parser/generated/neuroscript_parser.go:656.48,658.9 2 0
github.com/aprice2704/neuroscript/pkg/parser/generated/neuroscript_parser.go:662.2,662.14 1 0
github.com/aprice2704/neuroscript/pkg/parser/generated/neuroscript_parser.go:662.14,664.3 1 0
github.com/aprice2704/neuroscript/pkg/parser/generated/neuroscript_parser.go:666.2,666.35 1 0
github.com/aprice2704/neuroscript/pkg/parser/generated/neuroscript_parser.go:669.66,671.38 2 0
github.com/aprice2704/neuroscript/pkg/parser/generated/neuroscript_parser.go:671.38,672.48 1 0
github.com/aprice2704/neuroscript/pkg/parser/generated/neuroscript_parser.go:672.48,674.9 2 0
github.com/aprice2704/neuroscript/pkg/parser/generated/neuroscript_parser.go:678.2,678.14 1 0
github.com/aprice2704/neuroscript/pkg/parser/generated/neuroscript_parser.go:678.14,680.3 1 0
github.com/aprice2704/neuroscript/pkg/parser/generated/neuroscript_parser.go:682.2,682.35 1 0
github.com/aprice2704/neuroscript/pkg/parser/generated/neuroscript_parser.go:685.61,687.2 1 0
github.com/aprice2704/neuroscript/pkg/parser/generated/neuroscript_parser.go:689.90,691.2 1 0
github.com/aprice2704/neuroscript/pkg/parser/generated/neuroscript_parser.go:693.70,694.57 1 0
github.com/aprice2704/neuroscript/pkg/parser/generated/neuroscript_parser.go:694.57,696.3 1 0
github.com/aprice2704/neuroscript/pkg/parser/generated/neuroscript_parser.go:699.69,700.57 1 0
github.com/aprice2704/neuroscript/pkg/parser/generated/neuroscript_parser.go:700.57,702.3 1 0
github.com/aprice2704/neuroscript/pkg/parser/generated/neuroscript_parser.go:705.77,706.29 1 0
github.com/aprice2704/neuroscript/pkg/parser/generated/neuroscript_parser.go:707.26,708.27 1 0
github.com/aprice2704/neuroscript/pkg/parser/generated/neuroscript_parser.go:710.10,711.28 1 0
github.com/aprice2704/neuroscript/pkg/parser/generated/neuroscript_parser.go:715.66,719.2 4 0
github.com/aprice2704/neuroscript/pkg/parser/generated/neuroscript_parser.go:719.2,722.3 2 0
github.com/aprice2704/neuroscript/pkg/parser/generated/neuroscript_parser.go:723.2,725.18 3 0
github.com/aprice2704/neuroscript/pkg/parser/generated/neuroscript_parser.go:725.18,726.17 1 0
github.com/aprice2704/neuroscript/pkg/parser/generated/neuroscript_parser.go:728.2,728.34 1 0
github.com/aprice2704/neuroscript/pkg/parser/generated/neuroscript_parser.go:729.56,730.3 1 0
github.com/aprice2704/neuroscript/pkg/parser/generated/neuroscript_parser.go:730.3,733.4 2 0
github.com/aprice2704/neuroscript/pkg/parser/generated/neuroscript_parser.go:735.35,736.3 1 0
github.com/aprice2704/neuroscript/pkg/parser/generated/neuroscript_parser.go:736.3,739.4 2 0
github.com/aprice2704/neuroscript/pkg/parser/generated/neuroscript_parser.go:741.28,741.28 0 0
github.com/aprice2704/neuroscript/pkg/parser/generated/neuroscript_parser.go:743.10,743.10 0 0
github.com/aprice2704/neuroscript/pkg/parser/generated/neuroscript_parser.go:745.2,748.19 3 0
github.com/aprice2704/neuroscript/pkg/parser/generated/neuroscript_parser.go:748.19,750.18 1 0
github.com/aprice2704/neuroscript/pkg/parser/generated/neuroscript_parser.go:755.2,755.18 1 0
github.com/aprice2704/neuroscript/pkg/parser/generated/neuroscript_parser.go:755.18,761.3 5 0
github.com/aprice2704/neuroscript/pkg/parser/generated/neuroscript_parser.go:762.2,764.16 3 0
github.com/aprice2704/neuroscript/pkg/parser/generated/neuroscript_parser.go:789.55,794.2 4 0
github.com/aprice2704/neuroscript/pkg/parser/generated/neuroscript_parser.go:796.57,799.2 2 0
github.com/aprice2704/neuroscript/pkg/parser/generated/neuroscript_parser.go:801.52,801.53 0 0
github.com/aprice2704/neuroscript/pkg/parser/generated/neuroscript_parser.go:803.120,812.2 5 0
github.com/aprice2704/neuroscript/pkg/parser/generated/neuroscript_parser.go:814.55,814.74 1 0
github.com/aprice2704/neuroscript/pkg/parser/generated/neuroscript_parser.go:816.70,818.2 1 0
github.com/aprice2704/neuroscript/pkg/parser/generated/neuroscript_parser.go:820.70,822.2 1 0
github.com/aprice2704/neuroscript/pkg/parser/generated/neuroscript_parser.go:824.64,826.2 1 0
github.com/aprice2704/neuroscript/pkg/parser/generated/neuroscript_parser.go:828.64,830.2 1 0
github.com/aprice2704/neuroscript/pkg/parser/generated/neuroscript_parser.go:832.65,834.2 1 0
github.com/aprice2704/neuroscript/pkg/parser/generated/neuroscript_parser.go:836.94,838.2 1 0
github.com/aprice2704/neuroscript/pkg/parser/generated/neuroscript_parser.go:840.74,841.57 1 0
github.com/aprice2704/neuroscript/pkg/parser/generated/neuroscript_parser.go:841.57,843.3 1 0
github.com/aprice2704/neuroscript/pkg/parser/generated/neuroscript_parser.go:846.73,847.57 1 0
github.com/aprice2704/neuroscript/pkg/parser/generated/neuroscript_parser.go:847.57,849.3 1 0
github.com/aprice2704/neuroscript/pkg/parser/generated/neuroscript_parser.go:852.81,853.29 1 0
github.com/aprice2704/neuroscript/pkg/parser/generated/neuroscript_parser.go:854.26,855.31 1 0
github.com/aprice2704/neuroscript/pkg/parser/generated/neuroscript_parser.go:857.10,858.28 1 0
github.com/aprice2704/neuroscript/pkg/parser/generated/neuroscript_parser.go:862.74,870.18 7 0
github.com/aprice2704/neuroscript/pkg/parser/generated/neuroscript_parser.go:870.18,871.17 1 0
github.com/aprice2704/neuroscript/pkg/parser/generated/neuroscript_parser.go:873.2,875.79 2 0
github.com/aprice2704/neuroscript/pkg/parser/generated/neuroscript_parser.go:875.79,876.3 1 0
github.com/aprice2704/neuroscript/pkg/parser/generated/neuroscript_parser.go:876.3,880.83 3 0
github.com/aprice2704/neuroscript/pkg/parser/generated/neuroscript_parser.go:880.83,882.5 1 0
github.com/aprice2704/neuroscript/pkg/parser/generated/neuroscript_parser.go:882.10,885.5 2 0
github.com/aprice2704/neuroscript/pkg/parser/generated/neuroscript_parser.go:888.3,890.19 3 0
github.com/aprice2704/neuroscript/pkg/parser/generated/neuroscript_parser.go:890.19,891.18 1 0
github.com/aprice2704/neuroscript/pkg/parser/generated/neuroscript_parser.go:893.3,893.33 1 0
github.com/aprice2704/neuroscript/pkg/parser/generated/neuroscript_parser.go:897.2,897.18 1 0
github.com/aprice2704/neuroscript/pkg/parser/generated/neuroscript_parser.go:897.18,903.3 5 0
github.com/aprice2704/neuroscript/pkg/parser/generated/neuroscript_parser.go:904.2,906.16 3 0
github.com/aprice2704/neuroscript/pkg/parser/generated/neuroscript_parser.go:929.61,934.2 4 0
github.com/aprice2704/neuroscript/pkg/parser/generated/neuroscript_parser.go:936.63,939.2 2 0
github.com/aprice2704/neuroscript/pkg/parser/generated/neuroscript_parser.go:941.58,941.59 0 0
github.com/aprice2704/neuroscript/pkg/parser/generated/neuroscript_parser.go:943.126,952.2 5 0
github.com/aprice2704/neuroscript/pkg/parser/generated/neuroscript_parser.go:954.58,954.77 1 0
github.com/aprice2704/neuroscript/pkg/parser/generated/neuroscript_parser.go:956.76,959.31 3 0
github.com/aprice2704/neuroscript/pkg/parser/generated/neuroscript_parser.go:959.31,960.47 1 0
github.com/aprice2704/neuroscript/pkg/parser/generated/neuroscript_parser.go:960.47,962.4 1 0
github.com/aprice2704/neuroscript/pkg/parser/generated/neuroscript_parser.go:965.2,967.31 3 0
github.com/aprice2704/neuroscript/pkg/parser/generated/neuroscript_parser.go:967.31,968.47 1 0
github.com/aprice2704/neuroscript/pkg/parser/generated/neuroscript_parser.go:968.47,971.4 2 0
github.com/aprice2704/neuroscript/pkg/parser/generated/neuroscript_parser.go:974.2,974.12 1 0
github.com/aprice2704/neuroscript/pkg/parser/generated/neuroscript_parser.go:977.76,980.38 3 0
github.com/aprice2704/neuroscript/pkg/parser/generated/neuroscript_parser.go:980.38,981.47 1 0
github.com/aprice2704/neuroscript/pkg/parser/generated/neuroscript_parser.go:981.47,982.14 1 0
github.com/aprice2704/neuroscript/pkg/parser/generated/neuroscript_parser.go:982.14,984.10 2 0
github.com/aprice2704/neuroscript/pkg/parser/generated/neuroscript_parser.go:986.4,986.7 1 0
github.com/aprice2704/neuroscript/pkg/parser/generated/neuroscript_parser.go:990.2,990.14 1 0
github.com/aprice2704/neuroscript/pkg/parser/generated/neuroscript_parser.go:990.14,992.3 1 0
github.com/aprice2704/neuroscript/pkg/parser/generated/neuroscript_parser.go:994.2,994.34 1 0
github.com/aprice2704/neuroscript/pkg/parser/generated/neuroscript_parser.go:997.68,999.2 1 0
github.com/aprice2704/neuroscript/pkg/parser/generated/neuroscript_parser.go:1001.97,1003.2 1 0
github.com/aprice2704/neuroscript/pkg/parser/generated/neuroscript_parser.go:1005.77,1006.57 1 0
github.com/aprice2704/neuroscript/pkg/parser/generated/neuroscript_parser.go:1006.57,1008.3 1 0
github.com/aprice2704/neuroscript/pkg/parser/generated/neuroscript_parser.go:1011.76,1012.57 1 0
github.com/aprice2704/neuroscript/pkg/parser/generated/neuroscript_parser.go:1012.57,1014.3 1 0
github.com/aprice2704/neuroscript/pkg/parser/generated/neuroscript_parser.go:1017.84,1018.29 1 0
github.com/aprice2704/neuroscript/pkg/parser/generated/neuroscript_parser.go:1019.26,1020.34 1 0
github.com/aprice2704/neuroscript/pkg/parser/generated/neuroscript_parser.go:1022.10,1023.28 1 0
github.com/aprice2704/neuroscript/pkg/parser/generated/neuroscript_parser.go:1027.80,1035.18 7 0
github.com/aprice2704/neuroscript/pkg/parser/generated/neuroscript_parser.go:1035.18,1036.17 1 0
github.com/aprice2704/neuroscript/pkg/parser/generated/neuroscript_parser.go:1038.2,1040.92 2 0
github.com/aprice2704/neuroscript/pkg/parser/generated/neuroscript_parser.go:1040.92,1041.3 1 0
github.com/aprice2704/neuroscript/pkg/parser/generated/neuroscript_parser.go:1041.3,1044.4 2 0
github.com/aprice2704/neuroscript/pkg/parser/generated/neuroscript_parser.go:1046.3,1048.19 3 0
github.com/aprice2704/neuroscript/pkg/parser/generated/neuroscript_parser.go:1048.19,1049.18 1 0
github.com/aprice2704/neuroscript/pkg/parser/generated/neuroscript_parser.go:1051.3,1051.33 1 0
github.com/aprice2704/neuroscript/pkg/parser/generated/neuroscript_parser.go:1055.2,1055.18 1 0
github.com/aprice2704/neuroscript/pkg/parser/generated/neuroscript_parser.go:1055.18,1061.3 5 0
github.com/aprice2704/neuroscript/pkg/parser/generated/neuroscript_parser.go:1062.2,1064.16 3 0
github.com/aprice2704/neuroscript/pkg/parser/generated/neuroscript_parser.go:1087.61,1092.2 4 0
github.com/aprice2704/neuroscript/pkg/parser/generated/neuroscript_parser.go:1094.63,1097.2 2 0
github.com/aprice2704/neuroscript/pkg/parser/generated/neuroscript_parser.go:1099.58,1099.59 0 0
github.com/aprice2704/neuroscript/pkg/parser/generated/neuroscript_parser.go:1101.126,1110.2 5 0
github.com/aprice2704/neuroscript/pkg/parser/generated/neuroscript_parser.go:1112.58,1112.77 1 0
github.com/aprice2704/neuroscript/pkg/parser/generated/neuroscript_parser.go:1114.76,1117.31 3 0
github.com/aprice2704/neuroscript/pkg/parser/generated/neuroscript_parser.go:1117.31,1118.47 1 0
github.com/aprice2704/neuroscript/pkg/parser/generated/neuroscript_parser.go:1118.47,1120.4 1 0
github.com/aprice2704/neuroscript/pkg/parser/generated/neuroscript_parser.go:1123.2,1125.31 3 0
github.com/aprice2704/neuroscript/pkg/parser/generated/neuroscript_parser.go:1125.31,1126.47 1 0
github.com/aprice2704/neuroscript/pkg/parser/generated/neuroscript_parser.go:1126.47,1129.4 2 0
github.com/aprice2704/neuroscript/pkg/parser/generated/neuroscript_parser.go:1132.2,1132.12 1 0
github.com/aprice2704/neuroscript/pkg/parser/generated/neuroscript_parser.go:1135.76,1138.38 3 0
github.com/aprice2704/neuroscript/pkg/parser/generated/neuroscript_parser.go:1138.38,1139.47 1 0
github.com/aprice2704/neuroscript/pkg/parser/generated/neuroscript_parser.go:1139.47,1140.14 1 0
github.com/aprice2704/neuroscript/pkg/parser/generated/neuroscript_parser.go:1140.14,1142.10 2 0
github.com/aprice2704/neuroscript/pkg/parser/generated/neuroscript_parser.go:1144.4,1144.7 1 0
github.com/aprice2704/neuroscript/pkg/parser/generated/neuroscript_parser.go:1148.2,1148.14 1 0
github.com/aprice2704/neuroscript/pkg/parser/generated/neuroscript_parser.go:1148.14,1150.3 1 0
github.com/aprice2704/neuroscript/pkg/parser/generated/neuroscript_parser.go:1152.2,1152.34 1 0
github.com/aprice2704/neuroscript/pkg/parser/generated/neuroscript_parser.go:1155.68,1157.2 1 0
github.com/aprice2704/neuroscript/pkg/parser/generated/neuroscript_parser.go:1159.97,1161.2 1 0
github.com/aprice2704/neuroscript/pkg/parser/generated/neuroscript_parser.go:1163.77,1164.57 1 0
github.com/aprice2704/neuroscript/pkg/parser/generated/neuroscript_parser.go:1164.57,1166.3 1 0
github.com/aprice2704/neuroscript/pkg/parser/generated/neuroscript_parser.go:1169.76,1170.57 1 0
github.com/aprice2704/neuroscript/pkg/parser/generated/neuroscript_parser.go:1170.57,1172.3 1 0
github.com/aprice2704/neuroscript/pkg/parser/generated/neuroscript_parser.go:1175.84,1176.29 1 0
github.com/aprice2704/neuroscript/pkg/parser/generated/neuroscript_parser.go:1177.26,1178.34 1 0
github.com/aprice2704/neuroscript/pkg/parser/generated/neuroscript_parser.go:1180.10,1181.28 1 0
github.com/aprice2704/neuroscript/pkg/parser/generated/neuroscript_parser.go:1185.80,1193.18 7 0
github.com/aprice2704/neuroscript/pkg/parser/generated/neuroscript_parser.go:1193.18,1194.17 1 0
github.com/aprice2704/neuroscript/pkg/parser/generated/neuroscript_parser.go:1196.2,1198.62 2 0
github.com/aprice2704/neuroscript/pkg/parser/generated/neuroscript_parser.go:1198.62,1199.3 1 0
github.com/aprice2704/neuroscript/pkg/parser/generated/neuroscript_parser.go:1199.3,1202.4 2 0
github.com/aprice2704/neuroscript/pkg/parser/generated/neuroscript_parser.go:1204.3,1206.19 3 0
github.com/aprice2704/neuroscript/pkg/parser/generated/neuroscript_parser.go:1206.19,1207.18 1 0
github.com/aprice2704/neuroscript/pkg/parser/generated/neuroscript_parser.go:1209.3,1209.33 1 0
github.com/aprice2704/neuroscript/pkg/parser/generated/neuroscript_parser.go:1213.2,1213.18 1 0
github.com/aprice2704/neuroscript/pkg/parser/generated/neuroscript_parser.go:1213.18,1219.3 5 0
github.com/aprice2704/neuroscript/pkg/parser/generated/neuroscript_parser.go:1220.2,1222.16 3 0
github.com/aprice2704/neuroscript/pkg/parser/generated/neuroscript_parser.go:1247.59,1252.2 4 0
github.com/aprice2704/neuroscript/pkg/parser/generated/neuroscript_parser.go:1254.61,1257.2 2 0
github.com/aprice2704/neuroscript/pkg/parser/generated/neuroscript_parser.go:1259.56,1259.57 0 0
github.com/aprice2704/neuroscript/pkg/parser/generated/neuroscript_parser.go:1261.124,1270.2 5 0
github.com/aprice2704/neuroscript/pkg/parser/generated/neuroscript_parser.go:1272.57,1272.76 1 0
github.com/aprice2704/neuroscript/pkg/parser/generated/neuroscript_parser.go:1274.84,1276.38 2 0
github.com/aprice2704/neuroscript/pkg/parser/generated/neuroscript_parser.go:1276.38,1277.54 1 0
github.com/aprice2704/neuroscript/pkg/parser/generated/neuroscript_parser.go:1277.54,1279.9 2 0
github.com/aprice2704/neuroscript/pkg/parser/generated/neuroscript_parser.go:1283.2,1283.14 1 0
github.com/aprice2704/neuroscript/pkg/parser/generated/neuroscript_parser.go:1283.14,1285.3 1 0
github.com/aprice2704/neuroscript/pkg/parser/generated/neuroscript_parser.go:1287.2,1287.41 1 0
github.com/aprice2704/neuroscript/pkg/parser/generated/neuroscript_parser.go:1290.58,1292.38 2 0
github.com/aprice2704/neuroscript/pkg/parser/generated/neuroscript_parser.go:1292.38,1293.41 1 0
github.com/aprice2704/neuroscript/pkg/parser/generated/neuroscript_parser.go:1293.41,1295.9 2 0
github.com/aprice2704/neuroscript/pkg/parser/generated/neuroscript_parser.go:1299.2,1299.14 1 0
github.com/aprice2704/neuroscript/pkg/parser/generated/neuroscript_parser.go:1299.14,1301.3 1 0
github.com/aprice2704/neuroscript/pkg/parser/generated/neuroscript_parser.go:1303.2,1303.28 1 0
github.com/aprice2704/neuroscript/pkg/parser/generated/neuroscript_parser.go:1306.66,1308.2 1 0
github.com/aprice2704/neuroscript/pkg/parser/generated/neuroscript_parser.go:1310.66,1312.2 1 0
github.com/aprice2704/neuroscript/pkg/parser/generated/neuroscript_parser.go:1314.67,1316.2 1 0
github.com/aprice2704/neuroscript/pkg/parser/generated/neuroscript_parser.go:1318.96,1320.2 1 0
github.com/aprice2704/neuroscript/pkg/parser/generated/neuroscript_parser.go:1322.76,1323.57 1 0
github.com/aprice2704/neuroscript/pkg/parser/generated/neuroscript_parser.go:1323.57,1325.3 1 0
github.com/aprice2704/neuroscript/pkg/parser/generated/neuroscript_parser.go:1328.75,1329.57 1 0
github.com/aprice2704/neuroscript/pkg/parser/generated/neuroscript_parser.go:1329.57,1331.3 1 0
github.com/aprice2704/neuroscript/pkg/parser/generated/neuroscript_parser.go:1334.83,1335.29 1 0
github.com/aprice2704/neuroscript/pkg/parser/generated/neuroscript_parser.go:1336.26,1337.33 1 0
github.com/aprice2704/neuroscript/pkg/parser/generated/neuroscript_parser.go:1339.10,1340.28 1 0
github.com/aprice2704/neuroscript/pkg/parser/generated/neuroscript_parser.go:1344.78,1352.18 7 0
github.com/aprice2704/neuroscript/pkg/parser/generated/neuroscript_parser.go:1352.18,1353.17 1 0
github.com/aprice2704/neuroscript/pkg/parser/generated/neuroscript_parser.go:1356.2,1356.34 1 0
github.com/aprice2704/neuroscript/pkg/parser/generated/neuroscript_parser.go:1357.32,1358.3 1 0
github.com/aprice2704/neuroscript/pkg/parser/generated/neuroscript_parser.go:1358.3,1361.4 2 0
github.com/aprice2704/neuroscript/pkg/parser/generated/neuroscript_parser.go:1363.30,1364.3 1 0
github.com/aprice2704/neuroscript/pkg/parser/generated/neuroscript_parser.go:1364.3,1367.4 2 0
github.com/aprice2704/neuroscript/pkg/parser/generated/neuroscript_parser.go:1369.10,1371.17 2 0
github.com/aprice2704/neuroscript/pkg/parser/generated/neuroscript_parser.go:1373.2,1375.18 3 0
github.com/aprice2704/neuroscript/pkg/parser/generated/neuroscript_parser.go:1375.18,1376.17 1 0
github.com/aprice2704/neuroscript/pkg/parser/generated/neuroscript_parser.go:1378.2,1380.38 2 0
github.com/aprice2704/neuroscript/pkg/parser/generated/neuroscript_parser.go:1380.38,1381.3 1 0
github.com/aprice2704/neuroscript/pkg/parser/generated/neuroscript_parser.go:1381.3,1384.20 3 0
github.com/aprice2704/neuroscript/pkg/parser/generated/neuroscript_parser.go:1384.20,1386.19 1 0
github.com/aprice2704/neuroscript/pkg/parser/generated/neuroscript_parser.go:1390.3,1392.19 3 0
github.com/aprice2704/neuroscript/pkg/parser/generated/neuroscript_parser.go:1392.19,1393.18 1 0
github.com/aprice2704/neuroscript/pkg/parser/generated/neuroscript_parser.go:1395.3,1395.33 1 0
github.com/aprice2704/neuroscript/pkg/parser/generated/neuroscript_parser.go:1399.2,1399.18 1 0
github.com/aprice2704/neuroscript/pkg/parser/generated/neuroscript_parser.go:1399.18,1405.3 5 0
github.com/aprice2704/neuroscript/pkg/parser/generated/neuroscript_parser.go:1406.2,1408.16 3 0
github.com/aprice2704/neuroscript/pkg/parser/generated/neuroscript_parser.go:1435.59,1440.2 4 0
github.com/aprice2704/neuroscript/pkg/parser/generated/neuroscript_parser.go:1442.61,1445.2 2 0
github.com/aprice2704/neuroscript/pkg/parser/generated/neuroscript_parser.go:1447.56,1447.57 0 0
github.com/aprice2704/neuroscript/pkg/parser/generated/neuroscript_parser.go:1449.124,1458.2 5 0
github.com/aprice2704/neuroscript/pkg/parser/generated/neuroscript_parser.go:1460.57,1460.76 1 0
github.com/aprice2704/neuroscript/pkg/parser/generated/neuroscript_parser.go:1462.64,1464.2 1 0
github.com/aprice2704/neuroscript/pkg/parser/generated/neuroscript_parser.go:1466.66,1468.2 1 0
github.com/aprice2704/neuroscript/pkg/parser/generated/neuroscript_parser.go:1470.66,1472.2 1 0
github.com/aprice2704/neuroscript/pkg/parser/generated/neuroscript_parser.go:1474.72,1476.38 2 0
github.com/aprice2704/neuroscript/pkg/parser/generated/neuroscript_parser.go:1476.38,1477.48 1 0
github.com/aprice2704/neuroscript/pkg/parser/generated/neuroscript_parser.go:1477.48,1479.9 2 0
github.com/aprice2704/neuroscript/pkg/parser/generated/neuroscript_parser.go:1483.2,1483.14 1 0
github.com/aprice2704/neuroscript/pkg/parser/generated/neuroscript_parser.go:1483.14,1485.3 1 0
github.com/aprice2704/neuroscript/pkg/parser/generated/neuroscript_parser.go:1487.2,1487.35 1 0
github.com/aprice2704/neuroscript/pkg/parser/generated/neuroscript_parser.go:1490.88,1492.38 2 0
github.com/aprice2704/neuroscript/pkg/parser/generated/neuroscript_parser.go:1492.38,1493.56 1 0
github.com/aprice2704/neuroscript/pkg/parser/generated/neuroscript_parser.go:1493.56,1495.9 2 0
github.com/aprice2704/neuroscript/pkg/parser/generated/neuroscript_parser.go:1499.2,1499.14 1 0
github.com/aprice2704/neuroscript/pkg/parser/generated/neuroscript_parser.go:1499.14,1501.3 1 0
github.com/aprice2704/neuroscript/pkg/parser/generated/neuroscript_parser.go:1503.2,1503.43 1 0
github.com/aprice2704/neuroscript/pkg/parser/generated/neuroscript_parser.go:1506.67,1508.2 1 0
github.com/aprice2704/neuroscript/pkg/parser/generated/neuroscript_parser.go:1510.67,1512.2 1 0
github.com/aprice2704/neuroscript/pkg/parser/generated/neuroscript_parser.go:1514.96,1516.2 1 0
github.com/aprice2704/neuroscript/pkg/parser/generated/neuroscript_parser.go:1518.76,1519.57 1 0
github.com/aprice2704/neuroscript/pkg/parser/generated/neuroscript_parser.go:1519.57,1521.3 1 0
github.com/aprice2704/neuroscript/pkg/parser/generated/neuroscript_parser.go:1524.75,1525.57 1 0
github.com/aprice2704/neuroscript/pkg/parser/generated/neuroscript_parser.go:1525.57,1527.3 1 0
github.com/aprice2704/neuroscript/pkg/parser/generated/neuroscript_parser.go:1530.83,1531.29 1 0
github.com/aprice2704/neuroscript/pkg/parser/generated/neuroscript_parser.go:1532.26,1533.33 1 0
github.com/aprice2704/neuroscript/pkg/parser/generated/neuroscript_parser.go:1535.10,1536.28 1 0
github.com/aprice2704/neuroscript/pkg/parser/generated/neuroscript_parser.go:1540.78,1546.2 5 0
github.com/aprice2704/neuroscript/pkg/parser/generated/neuroscript_parser.go:1546.2,1549.19 3 0
github.com/aprice2704/neuroscript/pkg/parser/generated/neuroscript_parser.go:1549.19,1551.18 1 0
github.com/aprice2704/neuroscript/pkg/parser/generated/neuroscript_parser.go:1554.2,1557.19 3 0
github.com/aprice2704/neuroscript/pkg/parser/generated/neuroscript_parser.go:1557.19,1559.18 1 0
github.com/aprice2704/neuroscript/pkg/parser/generated/neuroscript_parser.go:1562.2,1565.3 2 0
github.com/aprice2704/neuroscript/pkg/parser/generated/neuroscript_parser.go:1566.2,1569.3 2 0
github.com/aprice2704/neuroscript/pkg/parser/generated/neuroscript_parser.go:1570.2,1573.19 3 0
github.com/aprice2704/neuroscript/pkg/parser/generated/neuroscript_parser.go:1573.19,1575.18 1 0
github.com/aprice2704/neuroscript/pkg/parser/generated/neuroscript_parser.go:1578.2,1580.18 3 0
github.com/aprice2704/neuroscript/pkg/parser/generated/neuroscript_parser.go:1580.18,1581.17 1 0
github.com/aprice2704/neuroscript/pkg/parser/generated/neuroscript_parser.go:1583.2,1585.38 2 0
github.com/aprice2704/neuroscript/pkg/parser/generated/neuroscript_parser.go:1585.38,1586.3 1 0
github.com/aprice2704/neuroscript/pkg/parser/generated/neuroscript_parser.go:1586.3,1589.20 3 0
github.com/aprice2704/neuroscript/pkg/parser/generated/neuroscript_parser.go:1589.20,1591.19 1 0
github.com/aprice2704/neuroscript/pkg/parser/generated/neuroscript_parser.go:1595.3,1597.19 3 0
github.com/aprice2704/neuroscript/pkg/parser/generated/neuroscript_parser.go:1597.19,1598.18 1 0
github.com/aprice2704/neuroscript/pkg/parser/generated/neuroscript_parser.go:1600.3,1600.33 1 0
github.com/aprice2704/neuroscript/pkg/parser/generated/neuroscript_parser.go:1604.2,1604.18 1 0
github.com/aprice2704/neuroscript/pkg/parser/generated/neuroscript_parser.go:1604.18,1610.3 5 0
github.com/aprice2704/neuroscript/pkg/parser/generated/neuroscript_parser.go:1611.2,1613.16 3 0
github.com/aprice2704/neuroscript/pkg/parser/generated/neuroscript_parser.go:1639.77,1644.2 4 0
github.com/aprice2704/neuroscript/pkg/parser/generated/neuroscript_parser.go:1646.79,1649.2 2 0
github.com/aprice2704/neuroscript/pkg/parser/generated/neuroscript_parser.go:1651.74,1651.75 0 0
github.com/aprice2704/neuroscript/pkg/parser/generated/neuroscript_parser.go:1653.142,1662.2 5 0
github.com/aprice2704/neuroscript/pkg/parser/generated/neuroscript_parser.go:1664.66,1664.85 1 0
github.com/aprice2704/neuroscript/pkg/parser/generated/neuroscript_parser.go:1666.87,1668.38 2 0
github.com/aprice2704/neuroscript/pkg/parser/generated/neuroscript_parser.go:1668.38,1669.51 1 0
github.com/aprice2704/neuroscript/pkg/parser/generated/neuroscript_parser.go:1669.51,1671.9 2 0
github.com/aprice2704/neuroscript/pkg/parser/generated/neuroscript_parser.go:1675.2,1675.14 1 0
github.com/aprice2704/neuroscript/pkg/parser/generated/neuroscript_parser.go:1675.14,1677.3 1 0
github.com/aprice2704/neuroscript/pkg/parser/generated/neuroscript_parser.go:1679.2,1679.38 1 0
github.com/aprice2704/neuroscript/pkg/parser/generated/neuroscript_parser.go:1682.75,1684.2 1 0
github.com/aprice2704/neuroscript/pkg/parser/generated/neuroscript_parser.go:1686.75,1688.2 1 0
github.com/aprice2704/neuroscript/pkg/parser/generated/neuroscript_parser.go:1690.92,1693.31 3 0
github.com/aprice2704/neuroscript/pkg/parser/generated/neuroscript_parser.go:1693.31,1694.51 1 0
github.com/aprice2704/neuroscript/pkg/parser/generated/neuroscript_parser.go:1694.51,1696.4 1 0
github.com/aprice2704/neuroscript/pkg/parser/generated/neuroscript_parser.go:1699.2,1701.31 3 0
github.com/aprice2704/neuroscript/pkg/parser/generated/neuroscript_parser.go:1701.31,1702.51 1 0
github.com/aprice2704/neuroscript/pkg/parser/generated/neuroscript_parser.go:1702.51,1705.4 2 0
github.com/aprice2704/neuroscript/pkg/parser/generated/neuroscript_parser.go:1708.2,1708.12 1 0
github.com/aprice2704/neuroscript/pkg/parser/generated/neuroscript_parser.go:1711.92,1714.38 3 0
github.com/aprice2704/neuroscript/pkg/parser/generated/neuroscript_parser.go:1714.38,1715.51 1 0
github.com/aprice2704/neuroscript/pkg/parser/generated/neuroscript_parser.go:1715.51,1716.14 1 0
github.com/aprice2704/neuroscript/pkg/parser/generated/neuroscript_parser.go:1716.14,1718.10 2 0
github.com/aprice2704/neuroscript/pkg/parser/generated/neuroscript_parser.go:1720.4,1720.7 1 0
github.com/aprice2704/neuroscript/pkg/parser/generated/neuroscript_parser.go:1724.2,1724.14 1 0
github.com/aprice2704/neuroscript/pkg/parser/generated/neuroscript_parser.go:1724.14,1726.3 1 0
github.com/aprice2704/neuroscript/pkg/parser/generated/neuroscript_parser.go:1728.2,1728.38 1 0
github.com/aprice2704/neuroscript/pkg/parser/generated/neuroscript_parser.go:1731.76,1733.2 1 0
github.com/aprice2704/neuroscript/pkg/parser/generated/neuroscript_parser.go:1735.105,1737.2 1 0
github.com/aprice2704/neuroscript/pkg/parser/generated/neuroscript_parser.go:1739.85,1740.57 1 0
github.com/aprice2704/neuroscript/pkg/parser/generated/neuroscript_parser.go:1740.57,1742.3 1 0
github.com/aprice2704/neuroscript/pkg/parser/generated/neuroscript_parser.go:1745.84,1746.57 1 0
github.com/aprice2704/neuroscript/pkg/parser/generated/neuroscript_parser.go:1746.57,1748.3 1 0
github.com/aprice2704/neuroscript/pkg/parser/generated/neuroscript_parser.go:1751.92,1752.29 1 0
github.com/aprice2704/neuroscript/pkg/parser/generated/neuroscript_parser.go:1753.26,1754.42 1 0
github.com/aprice2704/neuroscript/pkg/parser/generated/neuroscript_parser.go:1756.10,1757.28 1 0
github.com/aprice2704/neuroscript/pkg/parser/generated/neuroscript_parser.go:1761.96,1769.18 7 0
github.com/aprice2704/neuroscript/pkg/parser/generated/neuroscript_parser.go:1769.18,1770.17 1 0
github.com/aprice2704/neuroscript/pkg/parser/generated/neuroscript_parser.go:1772.2,1774.38 2 0
github.com/aprice2704/neuroscript/pkg/parser/generated/neuroscript_parser.go:1774.38,1775.3 1 0
github.com/aprice2704/neuroscript/pkg/parser/generated/neuroscript_parser.go:1775.3,1778.20 3 0
github.com/aprice2704/neuroscript/pkg/parser/generated/neuroscript_parser.go:1778.20,1780.19 1 0
github.com/aprice2704/neuroscript/pkg/parser/generated/neuroscript_parser.go:1784.3,1786.19 3 0
github.com/aprice2704/neuroscript/pkg/parser/generated/neuroscript_parser.go:1786.19,1787.18 1 0
github.com/aprice2704/neuroscript/pkg/parser/generated/neuroscript_parser.go:1789.3,1789.33 1 0
github.com/aprice2704/neuroscript/pkg/parser/generated/neuroscript_parser.go:1791.2,1794.3 2 0
github.com/aprice2704/neuroscript/pkg/parser/generated/neuroscript_parser.go:1795.2,1798.19 3 0
github.com/aprice2704/neuroscript/pkg/parser/generated/neuroscript_parser.go:1798.19,1800.18 1 0
github.com/aprice2704/neuroscript/pkg/parser/generated/neuroscript_parser.go:1803.2,1805.18 3 0
github.com/aprice2704/neuroscript/pkg/parser/generated/neuroscript_parser.go:1805.18,1806.17 1 0
github.com/aprice2704/neuroscript/pkg/parser/generated/neuroscript_parser.go:1808.2,1810.115 2 0
github.com/aprice2704/neuroscript/pkg/parser/generated/neuroscript_parser.go:1810.115,1811.3 1 0
github.com/aprice2704/neuroscript/pkg/parser/generated/neuroscript_parser.go:1811.3,1814.4 2 0
github.com/aprice2704/neuroscript/pkg/parser/generated/neuroscript_parser.go:1816.3,1818.19 3 0
github.com/aprice2704/neuroscript/pkg/parser/generated/neuroscript_parser.go:1818.19,1819.18 1 0
github.com/aprice2704/neuroscript/pkg/parser/generated/neuroscript_parser.go:1821.3,1821.33 1 0
github.com/aprice2704/neuroscript/pkg/parser/generated/neuroscript_parser.go:1825.2,1825.18 1 0
github.com/aprice2704/neuroscript/pkg/parser/generated/neuroscript_parser.go:1825.18,1831.3 5 0
github.com/aprice2704/neuroscript/pkg/parser/generated/neuroscript_parser.go:1832.2,1834.16 3 0
github.com/aprice2704/neuroscript/pkg/parser/generated/neuroscript_parser.go:1857.67,1862.2 4 0
github.com/aprice2704/neuroscript/pkg/parser/generated/neuroscript_parser.go:1864.69,1867.2 2 0
github.com/aprice2704/neuroscript/pkg/parser/generated/neuroscript_parser.go:1869.64,1869.65 0 0
github.com/aprice2704/neuroscript/pkg/parser/generated/neuroscript_parser.go:1871.132,1880.2 5 0
github.com/aprice2704/neuroscript/pkg/parser/generated/neuroscript_parser.go:1882.61,1882.80 1 0
github.com/aprice2704/neuroscript/pkg/parser/generated/neuroscript_parser.go:1884.82,1886.38 2 0
github.com/aprice2704/neuroscript/pkg/parser/generated/neuroscript_parser.go:1886.38,1887.51 1 0
github.com/aprice2704/neuroscript/pkg/parser/generated/neuroscript_parser.go:1887.51,1889.9 2 0
github.com/aprice2704/neuroscript/pkg/parser/generated/neuroscript_parser.go:1893.2,1893.14 1 0
github.com/aprice2704/neuroscript/pkg/parser/generated/neuroscript_parser.go:1893.14,1895.3 1 0
github.com/aprice2704/neuroscript/pkg/parser/generated/neuroscript_parser.go:1897.2,1897.38 1 0
github.com/aprice2704/neuroscript/pkg/parser/generated/neuroscript_parser.go:1900.65,1902.2 1 0
github.com/aprice2704/neuroscript/pkg/parser/generated/neuroscript_parser.go:1904.71,1906.2 1 0
github.com/aprice2704/neuroscript/pkg/parser/generated/neuroscript_parser.go:1908.100,1910.2 1 0
github.com/aprice2704/neuroscript/pkg/parser/generated/neuroscript_parser.go:1912.80,1913.57 1 0
github.com/aprice2704/neuroscript/pkg/parser/generated/neuroscript_parser.go:1913.57,1915.3 1 0
github.com/aprice2704/neuroscript/pkg/parser/generated/neuroscript_parser.go:1918.79,1919.57 1 0
github.com/aprice2704/neuroscript/pkg/parser/generated/neuroscript_parser.go:1919.57,1921.3 1 0
github.com/aprice2704/neuroscript/pkg/parser/generated/neuroscript_parser.go:1924.87,1925.29 1 0
github.com/aprice2704/neuroscript/pkg/parser/generated/neuroscript_parser.go:1926.26,1927.37 1 0
github.com/aprice2704/neuroscript/pkg/parser/generated/neuroscript_parser.go:1929.10,1930.28 1 0
github.com/aprice2704/neuroscript/pkg/parser/generated/neuroscript_parser.go:1934.86,1939.18 5 0
github.com/aprice2704/neuroscript/pkg/parser/generated/neuroscript_parser.go:1939.18,1940.17 1 0
github.com/aprice2704/neuroscript/pkg/parser/generated/neuroscript_parser.go:1943.2,1943.34 1 0
github.com/aprice2704/neuroscript/pkg/parser/generated/neuroscript_parser.go:1944.405,1946.3 2 0
github.com/aprice2704/neuroscript/pkg/parser/generated/neuroscript_parser.go:1946.3,1949.4 2 0
github.com/aprice2704/neuroscript/pkg/parser/generated/neuroscript_parser.go:1950.3,1953.20 3 0
github.com/aprice2704/neuroscript/pkg/parser/generated/neuroscript_parser.go:1953.20,1955.19 1 0
github.com/aprice2704/neuroscript/pkg/parser/generated/neuroscript_parser.go:1959.32,1961.3 2 0
github.com/aprice2704/neuroscript/pkg/parser/generated/neuroscript_parser.go:1961.3,1964.20 3 0
github.com/aprice2704/neuroscript/pkg/parser/generated/neuroscript_parser.go:1964.20,1966.19 1 0
github.com/aprice2704/neuroscript/pkg/parser/generated/neuroscript_parser.go:1970.10,1972.17 2 0
github.com/aprice2704/neuroscript/pkg/parser/generated/neuroscript_parser.go:1976.2,1976.18 1 0
github.com/aprice2704/neuroscript/pkg/parser/generated/neuroscript_parser.go:1976.18,1982.3 5 0
github.com/aprice2704/neuroscript/pkg/parser/generated/neuroscript_parser.go:1983.2,1985.16 3 0
github.com/aprice2704/neuroscript/pkg/parser/generated/neuroscript_parser.go:2009.67,2014.2 4 0
github.com/aprice2704/neuroscript/pkg/parser/generated/neuroscript_parser.go:2016.69,2019.2 2 0
github.com/aprice2704/neuroscript/pkg/parser/generated/neuroscript_parser.go:2021.64,2021.65 0 0
github.com/aprice2704/neuroscript/pkg/parser/generated/neuroscript_parser.go:2023.132,2032.2 5 0
github.com/aprice2704/neuroscript/pkg/parser/generated/neuroscript_parser.go:2034.61,2034.80 1 0
github.com/aprice2704/neuroscript/pkg/parser/generated/neuroscript_parser.go:2036.96,2038.38 2 0
github.com/aprice2704/neuroscript/pkg/parser/generated/neuroscript_parser.go:2038.38,2039.58 1 0
github.com/aprice2704/neuroscript/pkg/parser/generated/neuroscript_parser.go:2039.58,2041.9 2 0
github.com/aprice2704/neuroscript/pkg/parser/generated/neuroscript_parser.go:2045.2,2045.14 1 0
github.com/aprice2704/neuroscript/pkg/parser/generated/neuroscript_parser.go:2045.14,2047.3 1 0
github.com/aprice2704/neuroscript/pkg/parser/generated/neuroscript_parser.go:2049.2,2049.45 1 0
github.com/aprice2704/neuroscript/pkg/parser/generated/neuroscript_parser.go:2052.78,2054.38 2 0
github.com/aprice2704/neuroscript/pkg/parser/generated/neuroscript_parser.go:2054.38,2055.49 1 0
github.com/aprice2704/neuroscript/pkg/parser/generated/neuroscript_parser.go:2055.49,2057.9 2 0
github.com/aprice2704/neuroscript/pkg/parser/generated/neuroscript_parser.go:2061.2,2061.14 1 0
github.com/aprice2704/neuroscript/pkg/parser/generated/neuroscript_parser.go:2061.14,2063.3 1 0
github.com/aprice2704/neuroscript/pkg/parser/generated/neuroscript_parser.go:2065.2,2065.36 1 0
github.com/aprice2704/neuroscript/pkg/parser/generated/neuroscript_parser.go:2068.84,2070.38 2 0
github.com/aprice2704/neuroscript/pkg/parser/generated/neuroscript_parser.go:2070.38,2071.52 1 0
github.com/aprice2704/neuroscript/pkg/parser/generated/neuroscript_parser.go:2071.52,2073.9 2 0
github.com/aprice2704/neuroscript/pkg/parser/generated/neuroscript_parser.go:2077.2,2077.14 1 0
github.com/aprice2704/neuroscript/pkg/parser/generated/neuroscript_parser.go:2077.14,2079.3 1 0
github.com/aprice2704/neuroscript/pkg/parser/generated/neuroscript_parser.go:2081.2,2081.39 1 0
github.com/aprice2704/neuroscript/pkg/parser/generated/neuroscript_parser.go:2084.71,2086.2 1 0
github.com/aprice2704/neuroscript/pkg/parser/generated/neuroscript_parser.go:2088.100,2090.2 1 0
github.com/aprice2704/neuroscript/pkg/parser/generated/neuroscript_parser.go:2092.80,2093.57 1 0
github.com/aprice2704/neuroscript/pkg/parser/generated/neuroscript_parser.go:2093.57,2095.3 1 0
github.com/aprice2704/neuroscript/pkg/parser/generated/neuroscript_parser.go:2098.79,2099.57 1 0
github.com/aprice2704/neuroscript/pkg/parser/generated/neuroscript_parser.go:2099.57,2101.3 1 0
github.com/aprice2704/neuroscript/pkg/parser/generated/neuroscript_parser.go:2104.87,2105.29 1 0
github.com/aprice2704/neuroscript/pkg/parser/generated/neuroscript_parser.go:2106.26,2107.37 1 0
github.com/aprice2704/neuroscript/pkg/parser/generated/neuroscript_parser.go:2109.10,2110.28 1 0
github.com/aprice2704/neuroscript/pkg/parser/generated/neuroscript_parser.go:2114.86,2119.18 5 0
github.com/aprice2704/neuroscript/pkg/parser/generated/neuroscript_parser.go:2119.18,2120.17 1 0
github.com/aprice2704/neuroscript/pkg/parser/generated/neuroscript_parser.go:2123.2,2123.34 1 0
github.com/aprice2704/neuroscript/pkg/parser/generated/neuroscript_parser.go:2124.305,2126.3 2 0
github.com/aprice2704/neuroscript/pkg/parser/generated/neuroscript_parser.go:2126.3,2129.4 2 0
github.com/aprice2704/neuroscript/pkg/parser/generated/neuroscript_parser.go:2131.82,2133.3 2 0
github.com/aprice2704/neuroscript/pkg/parser/generated/neuroscript_parser.go:2133.3,2136.4 2 0
github.com/aprice2704/neuroscript/pkg/parser/generated/neuroscript_parser.go:2138.30,2140.3 2 0
github.com/aprice2704/neuroscript/pkg/parser/generated/neuroscript_parser.go:2140.3,2143.4 2 0
github.com/aprice2704/neuroscript/pkg/parser/generated/neuroscript_parser.go:2145.10,2147.17 2 0
github.com/aprice2704/neuroscript/pkg/parser/generated/neuroscript_parser.go:2151.2,2151.18 1 0
github.com/aprice2704/neuroscript/pkg/parser/generated/neuroscript_parser.go:2151.18,2157.3 5 0
github.com/aprice2704/neuroscript/pkg/parser/generated/neuroscript_parser.go:2158.2,2160.16 3 0
github.com/aprice2704/neuroscript/pkg/parser/generated/neuroscript_parser.go:2183.69,2188.2 4 0
github.com/aprice2704/neuroscript/pkg/parser/generated/neuroscript_parser.go:2190.71,2193.2 2 0
github.com/aprice2704/neuroscript/pkg/parser/generated/neuroscript_parser.go:2195.66,2195.67 0 0
github.com/aprice2704/neuroscript/pkg/parser/generated/neuroscript_parser.go:2197.134,2206.2 5 0
github.com/aprice2704/neuroscript/pkg/parser/generated/neuroscript_parser.go:2208.62,2208.81 1 0
github.com/aprice2704/neuroscript/pkg/parser/generated/neuroscript_parser.go:2210.64,2212.2 1 0
github.com/aprice2704/neuroscript/pkg/parser/generated/neuroscript_parser.go:2214.75,2216.38 2 0
github.com/aprice2704/neuroscript/pkg/parser/generated/neuroscript_parser.go:2216.38,2217.47 1 0
github.com/aprice2704/neuroscript/pkg/parser/generated/neuroscript_parser.go:2217.47,2219.9 2 0
github.com/aprice2704/neuroscript/pkg/parser/generated/neuroscript_parser.go:2223.2,2223.14 1 0
github.com/aprice2704/neuroscript/pkg/parser/generated/neuroscript_parser.go:2223.14,2225.3 1 0
github.com/aprice2704/neuroscript/pkg/parser/generated/neuroscript_parser.go:2227.2,2227.34 1 0
github.com/aprice2704/neuroscript/pkg/parser/generated/neuroscript_parser.go:2230.72,2232.2 1 0
github.com/aprice2704/neuroscript/pkg/parser/generated/neuroscript_parser.go:2234.101,2236.2 1 0
github.com/aprice2704/neuroscript/pkg/parser/generated/neuroscript_parser.go:2238.81,2239.57 1 0
github.com/aprice2704/neuroscript/pkg/parser/generated/neuroscript_parser.go:2239.57,2241.3 1 0
github.com/aprice2704/neuroscript/pkg/parser/generated/neuroscript_parser.go:2244.80,2245.57 1 0
github.com/aprice2704/neuroscript/pkg/parser/generated/neuroscript_parser.go:2245.57,2247.3 1 0
github.com/aprice2704/neuroscript/pkg/parser/generated/neuroscript_parser.go:2250.88,2251.29 1 0
github.com/aprice2704/neuroscript/pkg/parser/generated/neuroscript_parser.go:2252.26,2253.38 1 0
github.com/aprice2704/neuroscript/pkg/parser/generated/neuroscript_parser.go:2255.10,2256.28 1 0
github.com/aprice2704/neuroscript/pkg/parser/generated/neuroscript_parser.go:2260.88,2264.2 4 0
github.com/aprice2704/neuroscript/pkg/parser/generated/neuroscript_parser.go:2264.2,2267.19 3 0
github.com/aprice2704/neuroscript/pkg/parser/generated/neuroscript_parser.go:2267.19,2269.18 1 0
github.com/aprice2704/neuroscript/pkg/parser/generated/neuroscript_parser.go:2272.2,2275.3 2 0
github.com/aprice2704/neuroscript/pkg/parser/generated/neuroscript_parser.go:2278.2,2278.18 1 0
github.com/aprice2704/neuroscript/pkg/parser/generated/neuroscript_parser.go:2278.18,2284.3 5 0
github.com/aprice2704/neuroscript/pkg/parser/generated/neuroscript_parser.go:2285.2,2287.16 3 0
github.com/aprice2704/neuroscript/pkg/parser/generated/neuroscript_parser.go:2318.81,2323.2 4 0
github.com/aprice2704/neuroscript/pkg/parser/generated/neuroscript_parser.go:2325.83,2328.2 2 0
github.com/aprice2704/neuroscript/pkg/parser/generated/neuroscript_parser.go:2330.78,2330.79 0 0
github.com/aprice2704/neuroscript/pkg/parser/generated/neuroscript_parser.go:2332.146,2341.2 5 0
github.com/aprice2704/neuroscript/pkg/parser/generated/neuroscript_parser.go:2343.68,2343.87 1 0
github.com/aprice2704/neuroscript/pkg/parser/generated/neuroscript_parser.go:2345.81,2347.38 2 0
github.com/aprice2704/neuroscript/pkg/parser/generated/neuroscript_parser.go:2347.38,2348.47 1 0
github.com/aprice2704/neuroscript/pkg/parser/generated/neuroscript_parser.go:2348.47,2350.9 2 0
github.com/aprice2704/neuroscript/pkg/parser/generated/neuroscript_parser.go:2354.2,2354.14 1 0
github.com/aprice2704/neuroscript/pkg/parser/generated/neuroscript_parser.go:2354.14,2356.3 1 0
github.com/aprice2704/neuroscript/pkg/parser/generated/neuroscript_parser.go:2358.2,2358.34 1 0
github.com/aprice2704/neuroscript/pkg/parser/generated/neuroscript_parser.go:2361.83,2363.38 2 0
github.com/aprice2704/neuroscript/pkg/parser/generated/neuroscript_parser.go:2363.38,2364.48 1 0
github.com/aprice2704/neuroscript/pkg/parser/generated/neuroscript_parser.go:2364.48,2366.9 2 0
github.com/aprice2704/neuroscript/pkg/parser/generated/neuroscript_parser.go:2370.2,2370.14 1 0
github.com/aprice2704/neuroscript/pkg/parser/generated/neuroscript_parser.go:2370.14,2372.3 1 0
github.com/aprice2704/neuroscript/pkg/parser/generated/neuroscript_parser.go:2374.2,2374.35 1 0
github.com/aprice2704/neuroscript/pkg/parser/generated/neuroscript_parser.go:2377.83,2379.38 2 0
github.com/aprice2704/neuroscript/pkg/parser/generated/neuroscript_parser.go:2379.38,2380.48 1 0
github.com/aprice2704/neuroscript/pkg/parser/generated/neuroscript_parser.go:2380.48,2382.9 2 0
github.com/aprice2704/neuroscript/pkg/parser/generated/neuroscript_parser.go:2386.2,2386.14 1 0
github.com/aprice2704/neuroscript/pkg/parser/generated/neuroscript_parser.go:2386.14,2388.3 1 0
github.com/aprice2704/neuroscript/pkg/parser/generated/neuroscript_parser.go:2390.2,2390.35 1 0
github.com/aprice2704/neuroscript/pkg/parser/generated/neuroscript_parser.go:2393.83,2395.38 2 0
github.com/aprice2704/neuroscript/pkg/parser/generated/neuroscript_parser.go:2395.38,2396.48 1 0
github.com/aprice2704/neuroscript/pkg/parser/generated/neuroscript_parser.go:2396.48,2398.9 2 0
github.com/aprice2704/neuroscript/pkg/parser/generated/neuroscript_parser.go:2402.2,2402.14 1 0
github.com/aprice2704/neuroscript/pkg/parser/generated/neuroscript_parser.go:2402.14,2404.3 1 0
github.com/aprice2704/neuroscript/pkg/parser/generated/neuroscript_parser.go:2406.2,2406.35 1 0
github.com/aprice2704/neuroscript/pkg/parser/generated/neuroscript_parser.go:2409.83,2411.38 2 0
github.com/aprice2704/neuroscript/pkg/parser/generated/neuroscript_parser.go:2411.38,2412.48 1 0
github.com/aprice2704/neuroscript/pkg/parser/generated/neuroscript_parser.go:2412.48,2414.9 2 0
github.com/aprice2704/neuroscript/pkg/parser/generated/neuroscript_parser.go:2418.2,2418.14 1 0
github.com/aprice2704/neuroscript/pkg/parser/generated/neuroscript_parser.go:2418.14,2420.3 1 0
github.com/aprice2704/neuroscript/pkg/parser/generated/neuroscript_parser.go:2422.2,2422.35 1 0
github.com/aprice2704/neuroscript/pkg/parser/generated/neuroscript_parser.go:2425.83,2427.38 2 0
github.com/aprice2704/neuroscript/pkg/parser/generated/neuroscript_parser.go:2427.38,2428.48 1 0
github.com/aprice2704/neuroscript/pkg/parser/generated/neuroscript_parser.go:2428.48,2430.9 2 0
github.com/aprice2704/neuroscript/pkg/parser/generated/neuroscript_parser.go:2434.2,2434.14 1 0
github.com/aprice2704/neuroscript/pkg/parser/generated/neuroscript_parser.go:2434.14,2436.3 1 0
github.com/aprice2704/neuroscript/pkg/parser/generated/neuroscript_parser.go:2438.2,2438.35 1 0
github.com/aprice2704/neuroscript/pkg/parser/generated/neuroscript_parser.go:2441.83,2443.38 2 0
github.com/aprice2704/neuroscript/pkg/parser/generated/neuroscript_parser.go:2443.38,2444.48 1 0
github.com/aprice2704/neuroscript/pkg/parser/generated/neuroscript_parser.go:2444.48,2446.9 2 0
github.com/aprice2704/neuroscript/pkg/parser/generated/neuroscript_parser.go:2450.2,2450.14 1 0
github.com/aprice2704/neuroscript/pkg/parser/generated/neuroscript_parser.go:2450.14,2452.3 1 0
github.com/aprice2704/neuroscript/pkg/parser/generated/neuroscript_parser.go:2454.2,2454.35 1 0
github.com/aprice2704/neuroscript/pkg/parser/generated/neuroscript_parser.go:2457.71,2459.38 2 0
github.com/aprice2704/neuroscript/pkg/parser/generated/neuroscript_parser.go:2459.38,2460.42 1 0
github.com/aprice2704/neuroscript/pkg/parser/generated/neuroscript_parser.go:2460.42,2462.9 2 0
github.com/aprice2704/neuroscript/pkg/parser/generated/neuroscript_parser.go:2466.2,2466.14 1 0
github.com/aprice2704/neuroscript/pkg/parser/generated/neuroscript_parser.go:2466.14,2468.3 1 0
github.com/aprice2704/neuroscript/pkg/parser/generated/neuroscript_parser.go:2470.2,2470.29 1 0
github.com/aprice2704/neuroscript/pkg/parser/generated/neuroscript_parser.go:2473.85,2475.38 2 0
github.com/aprice2704/neuroscript/pkg/parser/generated/neuroscript_parser.go:2475.38,2476.49 1 0
github.com/aprice2704/neuroscript/pkg/parser/generated/neuroscript_parser.go:2476.49,2478.9 2 0
github.com/aprice2704/neuroscript/pkg/parser/generated/neuroscript_parser.go:2482.2,2482.14 1 0
github.com/aprice2704/neuroscript/pkg/parser/generated/neuroscript_parser.go:2482.14,2484.3 1 0
github.com/aprice2704/neuroscript/pkg/parser/generated/neuroscript_parser.go:2486.2,2486.36 1 0
github.com/aprice2704/neuroscript/pkg/parser/generated/neuroscript_parser.go:2489.91,2491.38 2 0
github.com/aprice2704/neuroscript/pkg/parser/generated/neuroscript_parser.go:2491.38,2492.52 1 0
github.com/aprice2704/neuroscript/pkg/parser/generated/neuroscript_parser.go:2492.52,2494.9 2 0
github.com/aprice2704/neuroscript/pkg/parser/generated/neuroscript_parser.go:2498.2,2498.14 1 0
github.com/aprice2704/neuroscript/pkg/parser/generated/neuroscript_parser.go:2498.14,2500.3 1 0
github.com/aprice2704/neuroscript/pkg/parser/generated/neuroscript_parser.go:2502.2,2502.39 1 0
github.com/aprice2704/neuroscript/pkg/parser/generated/neuroscript_parser.go:2505.78,2507.2 1 0
github.com/aprice2704/neuroscript/pkg/parser/generated/neuroscript_parser.go:2509.107,2511.2 1 0
github.com/aprice2704/neuroscript/pkg/parser/generated/neuroscript_parser.go:2513.87,2514.57 1 0
github.com/aprice2704/neuroscript/pkg/parser/generated/neuroscript_parser.go:2514.57,2516.3 1 0
github.com/aprice2704/neuroscript/pkg/parser/generated/neuroscript_parser.go:2519.86,2520.57 1 0
github.com/aprice2704/neuroscript/pkg/parser/generated/neuroscript_parser.go:2520.57,2522.3 1 0
github.com/aprice2704/neuroscript/pkg/parser/generated/neuroscript_parser.go:2525.94,2526.29 1 0
github.com/aprice2704/neuroscript/pkg/parser/generated/neuroscript_parser.go:2527.26,2528.44 1 0
github.com/aprice2704/neuroscript/pkg/parser/generated/neuroscript_parser.go:2530.10,2531.28 1 0
github.com/aprice2704/neuroscript/pkg/parser/generated/neuroscript_parser.go:2535.100,2540.18 5 0
github.com/aprice2704/neuroscript/pkg/parser/generated/neuroscript_parser.go:2540.18,2541.17 1 0
github.com/aprice2704/neuroscript/pkg/parser/generated/neuroscript_parser.go:2544.2,2544.34 1 0
github.com/aprice2704/neuroscript/pkg/parser/generated/neuroscript_parser.go:2545.31,2547.3 2 0
github.com/aprice2704/neuroscript/pkg/parser/generated/neuroscript_parser.go:2547.3,2550.4 2 0
github.com/aprice2704/neuroscript/pkg/parser/generated/neuroscript_parser.go:2552.32,2554.3 2 0
github.com/aprice2704/neuroscript/pkg/parser/generated/neuroscript_parser.go:2554.3,2557.4 2 0
github.com/aprice2704/neuroscript/pkg/parser/generated/neuroscript_parser.go:2559.32,2561.3 2 0
github.com/aprice2704/neuroscript/pkg/parser/generated/neuroscript_parser.go:2561.3,2564.4 2 0
github.com/aprice2704/neuroscript/pkg/parser/generated/neuroscript_parser.go:2566.60,2568.3 2 0
github.com/aprice2704/neuroscript/pkg/parser/generated/neuroscript_parser.go:2568.3,2571.4 2 0
github.com/aprice2704/neuroscript/pkg/parser/generated/neuroscript_parser.go:2573.32,2575.3 2 0
github.com/aprice2704/neuroscript/pkg/parser/generated/neuroscript_parser.go:2575.3,2578.4 2 0
github.com/aprice2704/neuroscript/pkg/parser/generated/neuroscript_parser.go:2580.39,2582.3 2 0
github.com/aprice2704/neuroscript/pkg/parser/generated/neuroscript_parser.go:2582.3,2585.4 2 0
github.com/aprice2704/neuroscript/pkg/parser/generated/neuroscript_parser.go:2587.33,2589.3 2 0
github.com/aprice2704/neuroscript/pkg/parser/generated/neuroscript_parser.go:2589.3,2592.4 2 0
github.com/aprice2704/neuroscript/pkg/parser/generated/neuroscript_parser.go:2594.31,2596.3 2 0
github.com/aprice2704/neuroscript/pkg/parser/generated/neuroscript_parser.go:2596.3,2599.4 2 0
github.com/aprice2704/neuroscript/pkg/parser/generated/neuroscript_parser.go:2601.33,2603.3 2 0
github.com/aprice2704/neuroscript/pkg/parser/generated/neuroscript_parser.go:2603.3,2606.4 2 0
github.com/aprice2704/neuroscript/pkg/parser/generated/neuroscript_parser.go:2608.36,2610.3 2 0
github.com/aprice2704/neuroscript/pkg/parser/generated/neuroscript_parser.go:2610.3,2613.4 2 0
github.com/aprice2704/neuroscript/pkg/parser/generated/neuroscript_parser.go:2615.10,2617.17 2 0
github.com/aprice2704/neuroscript/pkg/parser/generated/neuroscript_parser.go:2621.2,2621.18 1 0
github.com/aprice2704/neuroscript/pkg/parser/generated/neuroscript_parser.go:2621.18,2627.3 5 0
github.com/aprice2704/neuroscript/pkg/parser/generated/neuroscript_parser.go:2628.2,2630.16 3 0
github.com/aprice2704/neuroscript/pkg/parser/generated/neuroscript_parser.go:2659.73,2664.2 4 0
github.com/aprice2704/neuroscript/pkg/parser/generated/neuroscript_parser.go:2666.75,2669.2 2 0
github.com/aprice2704/neuroscript/pkg/parser/generated/neuroscript_parser.go:2671.70,2671.71 0 0
github.com/aprice2704/neuroscript/pkg/parser/generated/neuroscript_parser.go:2673.138,2682.2 5 0
github.com/aprice2704/neuroscript/pkg/parser/generated/neuroscript_parser.go:2684.64,2684.83 1 0
github.com/aprice2704/neuroscript/pkg/parser/generated/neuroscript_parser.go:2686.68,2688.2 1 0
github.com/aprice2704/neuroscript/pkg/parser/generated/neuroscript_parser.go:2690.71,2692.2 1 0
github.com/aprice2704/neuroscript/pkg/parser/generated/neuroscript_parser.go:2694.79,2696.38 2 0
github.com/aprice2704/neuroscript/pkg/parser/generated/neuroscript_parser.go:2696.38,2697.48 1 0
github.com/aprice2704/neuroscript/pkg/parser/generated/neuroscript_parser.go:2697.48,2699.9 2 0
github.com/aprice2704/neuroscript/pkg/parser/generated/neuroscript_parser.go:2703.2,2703.14 1 0
github.com/aprice2704/neuroscript/pkg/parser/generated/neuroscript_parser.go:2703.14,2705.3 1 0
github.com/aprice2704/neuroscript/pkg/parser/generated/neuroscript_parser.go:2707.2,2707.35 1 0
github.com/aprice2704/neuroscript/pkg/parser/generated/neuroscript_parser.go:2710.69,2712.2 1 0
github.com/aprice2704/neuroscript/pkg/parser/generated/neuroscript_parser.go:2714.68,2716.2 1 0
github.com/aprice2704/neuroscript/pkg/parser/generated/neuroscript_parser.go:2718.79,2720.38 2 0
github.com/aprice2704/neuroscript/pkg/parser/generated/neuroscript_parser.go:2720.38,2721.48 1 0
github.com/aprice2704/neuroscript/pkg/parser/generated/neuroscript_parser.go:2721.48,2723.9 2 0
github.com/aprice2704/neuroscript/pkg/parser/generated/neuroscript_parser.go:2727.2,2727.14 1 0
github.com/aprice2704/neuroscript/pkg/parser/generated/neuroscript_parser.go:2727.14,2729.3 1 0
github.com/aprice2704/neuroscript/pkg/parser/generated/neuroscript_parser.go:2731.2,2731.35 1 0
github.com/aprice2704/neuroscript/pkg/parser/generated/neuroscript_parser.go:2734.99,2736.38 2 0
github.com/aprice2704/neuroscript/pkg/parser/generated/neuroscript_parser.go:2736.38,2737.58 1 0
github.com/aprice2704/neuroscript/pkg/parser/generated/neuroscript_parser.go:2737.58,2739.9 2 0
github.com/aprice2704/neuroscript/pkg/parser/generated/neuroscript_parser.go:2743.2,2743.14 1 0
github.com/aprice2704/neuroscript/pkg/parser/generated/neuroscript_parser.go:2743.14,2745.3 1 0
github.com/aprice2704/neuroscript/pkg/parser/generated/neuroscript_parser.go:2747.2,2747.45 1 0
github.com/aprice2704/neuroscript/pkg/parser/generated/neuroscript_parser.go:2750.71,2752.2 1 0
github.com/aprice2704/neuroscript/pkg/parser/generated/neuroscript_parser.go:2754.74,2756.2 1 0
github.com/aprice2704/neuroscript/pkg/parser/generated/neuroscript_parser.go:2758.103,2760.2 1 0
github.com/aprice2704/neuroscript/pkg/parser/generated/neuroscript_parser.go:2762.83,2763.57 1 0
github.com/aprice2704/neuroscript/pkg/parser/generated/neuroscript_parser.go:2763.57,2765.3 1 0
github.com/aprice2704/neuroscript/pkg/parser/generated/neuroscript_parser.go:2768.82,2769.57 1 0
github.com/aprice2704/neuroscript/pkg/parser/generated/neuroscript_parser.go:2769.57,2771.3 1 0
github.com/aprice2704/neuroscript/pkg/parser/generated/neuroscript_parser.go:2774.90,2775.29 1 0
github.com/aprice2704/neuroscript/pkg/parser/generated/neuroscript_parser.go:2776.26,2777.40 1 0
github.com/aprice2704/neuroscript/pkg/parser/generated/neuroscript_parser.go:2779.10,2780.28 1 0
github.com/aprice2704/neuroscript/pkg/parser/generated/neuroscript_parser.go:2784.92,2788.2 4 0
github.com/aprice2704/neuroscript/pkg/parser/generated/neuroscript_parser.go:2788.2,2791.19 3 0
github.com/aprice2704/neuroscript/pkg/parser/generated/neuroscript_parser.go:2791.19,2793.18 1 0
github.com/aprice2704/neuroscript/pkg/parser/generated/neuroscript_parser.go:2796.2,2799.19 3 0
github.com/aprice2704/neuroscript/pkg/parser/generated/neuroscript_parser.go:2799.19,2801.18 1 0
github.com/aprice2704/neuroscript/pkg/parser/generated/neuroscript_parser.go:2804.2,2807.3 2 0
github.com/aprice2704/neuroscript/pkg/parser/generated/neuroscript_parser.go:2808.2,2811.19 3 0
github.com/aprice2704/neuroscript/pkg/parser/generated/neuroscript_parser.go:2811.19,2813.18 1 0
github.com/aprice2704/neuroscript/pkg/parser/generated/neuroscript_parser.go:2816.2,2819.19 3 0
github.com/aprice2704/neuroscript/pkg/parser/generated/neuroscript_parser.go:2819.19,2821.18 1 0
github.com/aprice2704/neuroscript/pkg/parser/generated/neuroscript_parser.go:2824.2,2827.3 2 0
github.com/aprice2704/neuroscript/pkg/parser/generated/neuroscript_parser.go:2828.2,2831.3 2 0
github.com/aprice2704/neuroscript/pkg/parser/generated/neuroscript_parser.go:2832.2,2835.19 3 0
github.com/aprice2704/neuroscript/pkg/parser/generated/neuroscript_parser.go:2835.19,2837.18 1 0
github.com/aprice2704/neuroscript/pkg/parser/generated/neuroscript_parser.go:2842.2,2842.18 1 0
github.com/aprice2704/neuroscript/pkg/parser/generated/neuroscript_parser.go:2842.18,2848.3 5 0
github.com/aprice2704/neuroscript/pkg/parser/generated/neuroscript_parser.go:2849.2,2851.16 3 0
github.com/aprice2704/neuroscript/pkg/parser/generated/neuroscript_parser.go:2880.61,2885.2 4 0
github.com/aprice2704/neuroscript/pkg/parser/generated/neuroscript_parser.go:2887.63,2890.2 2 0
github.com/aprice2704/neuroscript/pkg/parser/generated/neuroscript_parser.go:2892.58,2892.59 0 0
github.com/aprice2704/neuroscript/pkg/parser/generated/neuroscript_parser.go:2894.126,2903.2 5 0
github.com/aprice2704/neuroscript/pkg/parser/generated/neuroscript_parser.go:2905.58,2905.77 1 0
github.com/aprice2704/neuroscript/pkg/parser/generated/neuroscript_parser.go:2907.61,2909.2 1 0
github.com/aprice2704/neuroscript/pkg/parser/generated/neuroscript_parser.go:2911.61,2913.2 1 0
github.com/aprice2704/neuroscript/pkg/parser/generated/neuroscript_parser.go:2915.74,2918.31 3 0
github.com/aprice2704/neuroscript/pkg/parser/generated/neuroscript_parser.go:2918.31,2919.46 1 0
github.com/aprice2704/neuroscript/pkg/parser/generated/neuroscript_parser.go:2919.46,2921.4 1 0
github.com/aprice2704/neuroscript/pkg/parser/generated/neuroscript_parser.go:2924.2,2926.31 3 0
github.com/aprice2704/neuroscript/pkg/parser/generated/neuroscript_parser.go:2926.31,2927.46 1 0
github.com/aprice2704/neuroscript/pkg/parser/generated/neuroscript_parser.go:2927.46,2930.4 2 0
github.com/aprice2704/neuroscript/pkg/parser/generated/neuroscript_parser.go:2933.2,2933.12 1 0
github.com/aprice2704/neuroscript/pkg/parser/generated/neuroscript_parser.go:2936.74,2939.38 3 0
[...]
github.com/aprice2704/neuroscript/pkg/parser/ast_builder_operators.go:220.78,225.28 2 1
github.com/aprice2704/neuroscript/pkg/parser/ast_builder_operators.go:225.28,227.10 2 0
github.com/aprice2704/neuroscript/pkg/parser/ast_builder_operators.go:227.10,232.4 4 0
github.com/aprice2704/neuroscript/pkg/parser/ast_builder_operators.go:233.3,234.10 2 0
github.com/aprice2704/neuroscript/pkg/parser/ast_builder_operators.go:234.10,239.4 4 0
github.com/aprice2704/neuroscript/pkg/parser/ast_builder_operators.go:240.3,245.9 3 0
github.com/aprice2704/neuroscript/pkg/parser/ast_builder_operators.go:250.2,253.9 3 1
github.com/aprice2704/neuroscript/pkg/parser/ast_builder_operators.go:254.26,255.29 1 0
github.com/aprice2704/neuroscript/pkg/parser/ast_builder_operators.go:256.27,257.32 1 0
github.com/aprice2704/neuroscript/pkg/parser/ast_builder_operators.go:258.26,259.30 1 0
github.com/aprice2704/neuroscript/pkg/parser/ast_builder_operators.go:260.28,261.34 1 0
github.com/aprice2704/neuroscript/pkg/parser/ast_builder_operators.go:262.26,263.29 1 0
github.com/aprice2704/neuroscript/pkg/parser/ast_builder_operators.go:264.10,266.9 1 1
github.com/aprice2704/neuroscript/pkg/parser/ast_builder_operators.go:269.2,270.9 2 0
github.com/aprice2704/neuroscript/pkg/parser/ast_builder_operators.go:270.9,275.3 4 0
github.com/aprice2704/neuroscript/pkg/parser/ast_builder_operators.go:276.2,277.9 2 0
github.com/aprice2704/neuroscript/pkg/parser/ast_builder_operators.go:277.9,282.3 4 0
github.com/aprice2704/neuroscript/pkg/parser/ast_builder_operators.go:283.2,289.78 3 0
github.com/aprice2704/neuroscript/pkg/parser/ast_builder_operators.go:293.78,296.24 3 1
github.com/aprice2704/neuroscript/pkg/parser/ast_builder_operators.go:296.24,299.3 1 1
github.com/aprice2704/neuroscript/pkg/parser/ast_builder_operators.go:300.2,304.9 4 0
github.com/aprice2704/neuroscript/pkg/parser/ast_builder_operators.go:304.9,309.3 4 0
github.com/aprice2704/neuroscript/pkg/parser/ast_builder_operators.go:310.2,311.13 2 0
github.com/aprice2704/neuroscript/pkg/parser/ast_builder_operators.go:311.13,316.3 4 0
github.com/aprice2704/neuroscript/pkg/parser/ast_builder_operators.go:317.2,318.9 2 0
github.com/aprice2704/neuroscript/pkg/parser/ast_builder_operators.go:318.9,323.3 4 0
github.com/aprice2704/neuroscript/pkg/parser/ast_builder_operators.go:324.2,325.13 2 0
github.com/aprice2704/neuroscript/pkg/parser/ast_builder_operators.go:325.13,330.3 4 0
github.com/aprice2704/neuroscript/pkg/parser/ast_builder_operators.go:331.2,339.105 4 0
github.com/aprice2704/neuroscript/pkg/parser/ast_builder_operators.go:345.85,347.2 1 1
github.com/aprice2704/neuroscript/pkg/parser/ast_builder_operators.go:350.84,353.23 3 1
github.com/aprice2704/neuroscript/pkg/parser/ast_builder_operators.go:353.23,356.3 1 1
github.com/aprice2704/neuroscript/pkg/parser/ast_builder_operators.go:358.2,359.41 2 0
github.com/aprice2704/neuroscript/pkg/parser/ast_builder_operators.go:359.41,361.10 2 0
github.com/aprice2704/neuroscript/pkg/parser/ast_builder_operators.go:361.10,362.36 1 0
github.com/aprice2704/neuroscript/pkg/parser/ast_builder_operators.go:362.36,364.5 1 0
github.com/aprice2704/neuroscript/pkg/parser/ast_builder_operators.go:364.10,366.5 1 0
github.com/aprice2704/neuroscript/pkg/parser/ast_builder_operators.go:367.4,369.10 3 0
github.com/aprice2704/neuroscript/pkg/parser/ast_builder_operators.go:371.3,372.14 2 0
github.com/aprice2704/neuroscript/pkg/parser/ast_builder_operators.go:372.14,373.36 1 0
github.com/aprice2704/neuroscript/pkg/parser/ast_builder_operators.go:373.36,375.5 1 0
github.com/aprice2704/neuroscript/pkg/parser/ast_builder_operators.go:375.10,377.5 1 0
github.com/aprice2704/neuroscript/pkg/parser/ast_builder_operators.go:378.4,380.10 3 0
github.com/aprice2704/neuroscript/pkg/parser/ast_builder_operators.go:382.3,382.34 1 0
github.com/aprice2704/neuroscript/pkg/parser/ast_builder_operators.go:385.2,386.9 2 0
github.com/aprice2704/neuroscript/pkg/parser/ast_builder_operators.go:386.9,391.3 4 0
github.com/aprice2704/neuroscript/pkg/parser/ast_builder_operators.go:392.2,393.13 2 0
github.com/aprice2704/neuroscript/pkg/parser/ast_builder_operators.go:393.13,398.3 4 0
github.com/aprice2704/neuroscript/pkg/parser/ast_builder_operators.go:400.2,401.36 2 0
github.com/aprice2704/neuroscript/pkg/parser/ast_builder_operators.go:401.36,410.3 4 0
github.com/aprice2704/neuroscript/pkg/parser/ast_builder_operators.go:411.2,412.87 2 0
github.com/aprice2704/neuroscript/pkg/parser/ast_builder_operators.go:416.106,420.54 3 1
github.com/aprice2704/neuroscript/pkg/parser/ast_builder_operators.go:420.54,422.56 2 0
github.com/aprice2704/neuroscript/pkg/parser/ast_builder_operators.go:422.56,425.35 3 0
github.com/aprice2704/neuroscript/pkg/parser/ast_builder_operators.go:425.35,427.5 1 0
github.com/aprice2704/neuroscript/pkg/parser/ast_builder_operators.go:428.4,430.24 2 0
github.com/aprice2704/neuroscript/pkg/parser/ast_builder_operators.go:430.24,433.5 2 0
github.com/aprice2704/neuroscript/pkg/parser/ast_builder_operators.go:433.10,437.5 3 0
github.com/aprice2704/neuroscript/pkg/parser/ast_builder_operators.go:438.9,443.4 4 0
github.com/aprice2704/neuroscript/pkg/parser/ast_builder_operators.go:444.3,444.109 1 0
github.com/aprice2704/neuroscript/pkg/parser/ast_builder_operators.go:445.8,445.62 1 1
github.com/aprice2704/neuroscript/pkg/parser/ast_builder_operators.go:445.62,451.3 5 1
github.com/aprice2704/neuroscript/pkg/parser/ast_builder_operators.go:451.8,456.3 4 0
github.com/aprice2704/neuroscript/pkg/parser/ast_builder_operators.go:457.2,458.15 2 1
github.com/aprice2704/neuroscript/pkg/parser/ast_builder_operators.go:462.80,467.2 4 1
github.com/aprice2704/neuroscript/pkg/parser/ast_builder_operators.go:470.84,474.72 3 1
github.com/aprice2704/neuroscript/pkg/parser/ast_builder_operators.go:474.72,475.74 1 1
github.com/aprice2704/neuroscript/pkg/parser/ast_builder_operators.go:475.74,477.19 2 1
github.com/aprice2704/neuroscript/pkg/parser/ast_builder_operators.go:477.19,479.12 2 1
github.com/aprice2704/neuroscript/pkg/parser/ast_builder_operators.go:479.12,484.6 4 0
github.com/aprice2704/neuroscript/pkg/parser/ast_builder_operators.go:485.5,486.34 2 1
github.com/aprice2704/neuroscript/pkg/parser/ast_builder_operators.go:486.34,488.17 2 1
github.com/aprice2704/neuroscript/pkg/parser/ast_builder_operators.go:488.17,494.7 5 0
github.com/aprice2704/neuroscript/pkg/parser/ast_builder_operators.go:495.6,495.23 1 1
github.com/aprice2704/neuroscript/pkg/parser/ast_builder_operators.go:501.2,504.62 3 1
github.com/aprice2704/neuroscript/pkg/parser/ast_builder_operators.go:504.62,506.10 2 1
github.com/aprice2704/neuroscript/pkg/parser/ast_builder_operators.go:506.10,511.4 4 0
github.com/aprice2704/neuroscript/pkg/parser/ast_builder_operators.go:512.3,513.13 2 1
github.com/aprice2704/neuroscript/pkg/parser/ast_builder_operators.go:513.13,518.4 4 0
github.com/aprice2704/neuroscript/pkg/parser/ast_builder_operators.go:519.3,521.125 3 1
github.com/aprice2704/neuroscript/pkg/parser/ast_builder_operators.go:522.8,525.10 3 0
github.com/aprice2704/neuroscript/pkg/parser/ast_builder_operators.go:526.27,528.31 2 0
github.com/aprice2704/neuroscript/pkg/parser/ast_builder_operators.go:529.28,531.32 2 0
github.com/aprice2704/neuroscript/pkg/parser/ast_builder_operators.go:532.28,534.32 2 0
github.com/aprice2704/neuroscript/pkg/parser/ast_builder_operators.go:535.28,537.32 2 0
github.com/aprice2704/neuroscript/pkg/parser/ast_builder_operators.go:538.28,540.32 2 0
github.com/aprice2704/neuroscript/pkg/parser/ast_builder_operators.go:541.29,543.33 2 0
github.com/aprice2704/neuroscript/pkg/parser/ast_builder_operators.go:544.29,546.33 2 0
github.com/aprice2704/neuroscript/pkg/parser/ast_builder_operators.go:547.29,549.33 2 0
github.com/aprice2704/neuroscript/pkg/parser/ast_builder_operators.go:550.28,552.32 2 0
github.com/aprice2704/neuroscript/pkg/parser/ast_builder_operators.go:553.11,557.10 4 0
github.com/aprice2704/neuroscript/pkg/parser/ast_builder_operators.go:559.3,562.92 4 0
github.com/aprice2704/neuroscript/pkg/parser/ast_builder_operators.go:565.2,571.127 3 1
github.com/aprice2704/neuroscript/pkg/parser/ast_builder_procedures.go:16.99,28.2 5 1
github.com/aprice2704/neuroscript/pkg/parser/ast_builder_procedures.go:30.98,35.32 3 1
github.com/aprice2704/neuroscript/pkg/parser/ast_builder_procedures.go:35.32,36.58 1 1
github.com/aprice2704/neuroscript/pkg/parser/ast_builder_procedures.go:36.58,39.29 2 1
github.com/aprice2704/neuroscript/pkg/parser/ast_builder_procedures.go:39.29,41.32 2 1
github.com/aprice2704/neuroscript/pkg/parser/ast_builder_procedures.go:41.32,43.6 1 1
github.com/aprice2704/neuroscript/pkg/parser/ast_builder_procedures.go:43.11,45.6 1 1
github.com/aprice2704/neuroscript/pkg/parser/ast_builder_procedures.go:47.4,47.38 1 1
github.com/aprice2704/neuroscript/pkg/parser/ast_builder_procedures.go:48.9,51.4 2 0
github.com/aprice2704/neuroscript/pkg/parser/ast_builder_procedures.go:52.8,54.3 1 0
github.com/aprice2704/neuroscript/pkg/parser/ast_builder_procedures.go:56.2,56.26 1 1
github.com/aprice2704/neuroscript/pkg/parser/ast_builder_procedures.go:59.82,60.26 1 1
github.com/aprice2704/neuroscript/pkg/parser/ast_builder_procedures.go:60.26,62.70 1 1
github.com/aprice2704/neuroscript/pkg/parser/ast_builder_procedures.go:62.70,64.4 1 0
github.com/aprice2704/neuroscript/pkg/parser/ast_builder_procedures.go:64.9,66.4 1 1
github.com/aprice2704/neuroscript/pkg/parser/ast_builder_procedures.go:67.3,67.22 1 1
github.com/aprice2704/neuroscript/pkg/parser/ast_builder_procedures.go:72.54,73.65 1 0
github.com/aprice2704/neuroscript/pkg/parser/ast_builder_procedures.go:73.65,75.3 1 0
github.com/aprice2704/neuroscript/pkg/parser/ast_builder_procedures.go:76.2,80.24 4 0
github.com/aprice2704/neuroscript/pkg/parser/ast_builder_procedures.go:80.24,82.3 1 0
github.com/aprice2704/neuroscript/pkg/parser/ast_builder_procedures.go:84.2,87.28 3 0
github.com/aprice2704/neuroscript/pkg/parser/ast_builder_procedures.go:87.28,89.3 1 0
github.com/aprice2704/neuroscript/pkg/parser/ast_builder_procedures.go:91.2,91.51 1 0
github.com/aprice2704/neuroscript/pkg/parser/ast_builder_stack.go:13.55,14.14 1 1
github.com/aprice2704/neuroscript/pkg/parser/ast_builder_stack.go:14.14,17.3 2 0
github.com/aprice2704/neuroscript/pkg/parser/ast_builder_stack.go:18.2,19.78 2 1
github.com/aprice2704/neuroscript/pkg/parser/ast_builder_stack.go:24.61,25.27 1 1
github.com/aprice2704/neuroscript/pkg/parser/ast_builder_stack.go:25.27,28.3 2 0
github.com/aprice2704/neuroscript/pkg/parser/ast_builder_stack.go:29.2,32.21 4 1
github.com/aprice2704/neuroscript/pkg/parser/ast_builder_stack.go:36.69,37.27 1 1
github.com/aprice2704/neuroscript/pkg/parser/ast_builder_stack.go:37.27,40.3 2 0
github.com/aprice2704/neuroscript/pkg/parser/ast_builder_stack.go:41.2,45.21 5 1
github.com/aprice2704/neuroscript/pkg/parser/ast_builder_statements.go:17.58,18.27 1 1
github.com/aprice2704/neuroscript/pkg/parser/ast_builder_statements.go:18.27,21.3 2 1
github.com/aprice2704/neuroscript/pkg/parser/ast_builder_statements.go:21.8,25.3 1 0
github.com/aprice2704/neuroscript/pkg/parser/ast_builder_statements.go:28.84,30.9 2 1
github.com/aprice2704/neuroscript/pkg/parser/ast_builder_statements.go:30.9,33.3 2 0
github.com/aprice2704/neuroscript/pkg/parser/ast_builder_statements.go:34.2,35.9 2 1
github.com/aprice2704/neuroscript/pkg/parser/ast_builder_statements.go:35.9,38.3 2 0
github.com/aprice2704/neuroscript/pkg/parser/ast_builder_statements.go:39.2,44.4 2 1
github.com/aprice2704/neuroscript/pkg/parser/ast_builder_statements.go:47.88,49.32 2 1
github.com/aprice2704/neuroscript/pkg/parser/ast_builder_statements.go:49.32,52.10 3 1
github.com/aprice2704/neuroscript/pkg/parser/ast_builder_statements.go:52.10,55.4 2 0
github.com/aprice2704/neuroscript/pkg/parser/ast_builder_statements.go:56.3,57.28 2 1
github.com/aprice2704/neuroscript/pkg/parser/ast_builder_statements.go:57.28,59.11 2 1
github.com/aprice2704/neuroscript/pkg/parser/ast_builder_statements.go:59.11,62.5 2 0
github.com/aprice2704/neuroscript/pkg/parser/ast_builder_statements.go:63.4,63.26 1 1
github.com/aprice2704/neuroscript/pkg/parser/ast_builder_statements.go:66.2,71.4 2 1
github.com/aprice2704/neuroscript/pkg/parser/ast_builder_statements.go:74.84,76.9 2 1
github.com/aprice2704/neuroscript/pkg/parser/ast_builder_statements.go:76.9,79.3 2 0
github.com/aprice2704/neuroscript/pkg/parser/ast_builder_statements.go:80.2,81.9 2 1
github.com/aprice2704/neuroscript/pkg/parser/ast_builder_statements.go:81.9,84.3 2 0
github.com/aprice2704/neuroscript/pkg/parser/ast_builder_statements.go:85.2,90.4 2 1
github.com/aprice2704/neuroscript/pkg/parser/ast_builder_statements.go:93.84,95.9 2 1
github.com/aprice2704/neuroscript/pkg/parser/ast_builder_statements.go:95.9,98.3 2 0
github.com/aprice2704/neuroscript/pkg/parser/ast_builder_statements.go:99.2,100.9 2 1
github.com/aprice2704/neuroscript/pkg/parser/ast_builder_statements.go:100.9,103.3 2 0
github.com/aprice2704/neuroscript/pkg/parser/ast_builder_statements.go:104.2,109.4 2 1
github.com/aprice2704/neuroscript/pkg/parser/ast_builder_statements.go:112.72,114.9 2 0
github.com/aprice2704/neuroscript/pkg/parser/ast_builder_statements.go:114.9,117.3 2 0
github.com/aprice2704/neuroscript/pkg/parser/ast_builder_statements.go:118.2,119.9 2 0
github.com/aprice2704/neuroscript/pkg/parser/ast_builder_statements.go:119.9,122.3 2 0
github.com/aprice2704/neuroscript/pkg/parser/ast_builder_statements.go:123.2,129.4 2 0
github.com/aprice2704/neuroscript/pkg/parser/ast_builder_statements.go:132.92,133.23 1 1
github.com/aprice2704/neuroscript/pkg/parser/ast_builder_statements.go:133.23,135.3 1 0
github.com/aprice2704/neuroscript/pkg/parser/ast_builder_statements.go:136.2,140.4 2 1
github.com/aprice2704/neuroscript/pkg/parser/ast_builder_statements.go:143.86,144.23 1 1
github.com/aprice2704/neuroscript/pkg/parser/ast_builder_statements.go:144.23,146.3 1 0
github.com/aprice2704/neuroscript/pkg/parser/ast_builder_statements.go:147.2,151.4 2 1
github.com/aprice2704/neuroscript/pkg/parser/ast_builder_terminators.go:14.79,16.2 1 1
github.com/aprice2704/neuroscript/pkg/parser/ast_builder_terminators.go:20.78,23.2 1 1
github.com/aprice2704/neuroscript/pkg/parser/ast_builder_terminators.go:29.72,31.107 2 1
github.com/aprice2704/neuroscript/pkg/parser/ast_builder_terminators.go:31.107,36.3 2 1
github.com/aprice2704/neuroscript/pkg/parser/ast_builder_terminators.go:38.2,40.29 2 1
github.com/aprice2704/neuroscript/pkg/parser/ast_builder_terminators.go:40.29,50.3 5 1
github.com/aprice2704/neuroscript/pkg/parser/ast_builder_terminators.go:50.8,50.33 1 0
github.com/aprice2704/neuroscript/pkg/parser/ast_builder_terminators.go:50.33,59.3 5 0
github.com/aprice2704/neuroscript/pkg/parser/ast_builder_terminators.go:59.8,59.33 1 0
github.com/aprice2704/neuroscript/pkg/parser/ast_builder_terminators.go:59.33,64.10 4 0
github.com/aprice2704/neuroscript/pkg/parser/ast_builder_terminators.go:64.10,68.4 3 0
github.com/aprice2704/neuroscript/pkg/parser/ast_builder_terminators.go:69.3,70.10 2 0
github.com/aprice2704/neuroscript/pkg/parser/ast_builder_terminators.go:70.10,74.4 3 0
github.com/aprice2704/neuroscript/pkg/parser/ast_builder_terminators.go:75.3,80.44 3 0
github.com/aprice2704/neuroscript/pkg/parser/ast_builder_terminators.go:82.8,87.3 3 0
github.com/aprice2704/neuroscript/pkg/parser/ast_builder_terminators.go:90.2,90.20 1 1
github.com/aprice2704/neuroscript/pkg/parser/ast_builder_terminators.go:94.80,100.29 5 0
github.com/aprice2704/neuroscript/pkg/parser/ast_builder_terminators.go:100.29,102.3 1 0
github.com/aprice2704/neuroscript/pkg/parser/ast_builder_terminators.go:102.8,102.33 1 0
github.com/aprice2704/neuroscript/pkg/parser/ast_builder_terminators.go:102.33,104.3 1 0
github.com/aprice2704/neuroscript/pkg/parser/ast_builder_terminators.go:104.8,109.3 3 0
github.com/aprice2704/neuroscript/pkg/parser/ast_builder_terminators.go:111.2,116.74 3 0
github.com/aprice2704/neuroscript/pkg/parser/ast_builder_test_helpers.go:33.102,43.22 4 1
github.com/aprice2704/neuroscript/pkg/parser/ast_builder_test_helpers.go:43.22,45.3 1 0
github.com/aprice2704/neuroscript/pkg/parser/ast_builder_test_helpers.go:47.2,48.16 2 1
github.com/aprice2704/neuroscript/pkg/parser/ast_builder_test_helpers.go:48.16,50.3 1 0
github.com/aprice2704/neuroscript/pkg/parser/ast_builder_test_helpers.go:51.2,51.23 1 1
github.com/aprice2704/neuroscript/pkg/parser/ast_builder_test_helpers.go:51.23,53.3 1 0
github.com/aprice2704/neuroscript/pkg/parser/ast_builder_test_helpers.go:55.2,56.23 2 1
github.com/aprice2704/neuroscript/pkg/parser/ast_builder_test_helpers.go:56.23,58.3 1 0
github.com/aprice2704/neuroscript/pkg/parser/ast_builder_test_helpers.go:60.2,61.16 2 1
github.com/aprice2704/neuroscript/pkg/parser/ast_builder_test_helpers.go:61.16,63.3 1 0
github.com/aprice2704/neuroscript/pkg/parser/ast_builder_test_helpers.go:64.2,64.20 1 1
github.com/aprice2704/neuroscript/pkg/parser/ast_builder_test_helpers.go:64.20,66.3 1 0
github.com/aprice2704/neuroscript/pkg/parser/ast_builder_test_helpers.go:68.2,68.31 1 1
github.com/aprice2704/neuroscript/pkg/parser/ast_builder_test_helpers.go:68.31,70.3 1 0
github.com/aprice2704/neuroscript/pkg/parser/ast_builder_test_helpers.go:72.2,73.12 2 1
github.com/aprice2704/neuroscript/pkg/parser/ast_builder_test_helpers.go:73.12,76.40 2 0
github.com/aprice2704/neuroscript/pkg/parser/ast_builder_test_helpers.go:76.40,78.4 1 0
github.com/aprice2704/neuroscript/pkg/parser/ast_builder_test_helpers.go:79.3,79.141 1 0
github.com/aprice2704/neuroscript/pkg/parser/ast_builder_test_helpers.go:81.2,81.28 1 1
github.com/aprice2704/neuroscript/pkg/parser/ast_builder_test_helpers.go:81.28,83.3 1 0
github.com/aprice2704/neuroscript/pkg/parser/ast_builder_test_helpers.go:85.2,85.30 1 1
github.com/aprice2704/neuroscript/pkg/parser/parser_api.go:37.56,38.19 1 1
github.com/aprice2704/neuroscript/pkg/parser/parser_api.go:38.19,40.3 1 0
github.com/aprice2704/neuroscript/pkg/parser/parser_api.go:41.2,41.35 1 1
github.com/aprice2704/neuroscript/pkg/parser/parser_api.go:56.64,58.2 1 1
github.com/aprice2704/neuroscript/pkg/parser/parser_api.go:62.86,64.2 1 1
github.com/aprice2704/neuroscript/pkg/parser/parser_api.go:67.93,68.19 1 1
github.com/aprice2704/neuroscript/pkg/parser/parser_api.go:68.19,70.3 1 1
github.com/aprice2704/neuroscript/pkg/parser/parser_api.go:71.2,77.3 1 1
github.com/aprice2704/neuroscript/pkg/parser/parser_api.go:82.155,88.52 5 1
github.com/aprice2704/neuroscript/pkg/parser/parser_api.go:88.52,92.3 3 1
github.com/aprice2704/neuroscript/pkg/parser/parser_api.go:95.2,106.36 4 1
github.com/aprice2704/neuroscript/pkg/parser/parser_api.go:106.36,108.3 1 0
github.com/aprice2704/neuroscript/pkg/parser/parser_api.go:109.2,113.31 4 1
github.com/aprice2704/neuroscript/pkg/parser/parser_api.go:113.31,115.3 1 1
github.com/aprice2704/neuroscript/pkg/parser/parser_api.go:116.2,116.21 1 1
github.com/aprice2704/neuroscript/pkg/parser/parser_api.go:116.21,118.3 1 1
github.com/aprice2704/neuroscript/pkg/parser/parser_api.go:118.8,120.3 1 0
github.com/aprice2704/neuroscript/pkg/parser/parser_api.go:124.71,126.2 1 1
github.com/aprice2704/neuroscript/pkg/parser/parser_api.go:129.49,131.2 1 1
github.com/aprice2704/neuroscript/pkg/parser/parser_api.go:137.62,161.32 18 1
github.com/aprice2704/neuroscript/pkg/parser/parser_api.go:161.32,164.3 2 1
github.com/aprice2704/neuroscript/pkg/parser/parser_api.go:165.2,165.33 1 1
github.com/aprice2704/neuroscript/pkg/parser/parser_api.go:165.33,168.3 2 1
github.com/aprice2704/neuroscript/pkg/parser/parser_api.go:170.2,171.18 2 1
github.com/aprice2704/neuroscript/pkg/parser/parser_api.go:176.112,195.31 14 1
github.com/aprice2704/neuroscript/pkg/parser/parser_api.go:195.31,197.3 1 1
github.com/aprice2704/neuroscript/pkg/parser/parser_api.go:197.8,199.3 1 1
github.com/aprice2704/neuroscript/pkg/parser/parser_api.go:201.2,201.31 1 1
